<!DOCTYPE html>

<html>
  <head>
  <title>TestNG reports</title>

    <link type="text/css" href="testng-reports.css" rel="stylesheet" />  
    <script type="text/javascript" src="jquery-1.7.1.min.js"></script>
    <script type="text/javascript" src="testng-reports.js"></script>
    <script type="text/javascript" src="https://www.google.com/jsapi"></script>
    <script type='text/javascript'>
      google.load('visualization', '1', {packages:['table']});
      google.setOnLoadCallback(drawTable);
      var suiteTableInitFunctions = new Array();
      var suiteTableData = new Array();
    </script>
    <!--
      <script type="text/javascript" src="jquery-ui/js/jquery-ui-1.8.16.custom.min.js"></script>
     -->
  </head>

  <body>
    <div class="top-banner-root">
      <span class="top-banner-title-font">Test results</span>
      <br/>
      <span class="top-banner-font-1">1 suite, 18 failed tests</span>
    </div> <!-- top-banner-root -->
    <div class="navigator-root">
      <div class="navigator-suite-header">
        <span>All suites</span>
        <a href="#" class="collapse-all-link" title="Collapse/expand all the suites">
          <img class="collapse-all-icon" src="collapseall.gif">
          </img> <!-- collapse-all-icon -->
        </a> <!-- collapse-all-link -->
      </div> <!-- navigator-suite-header -->
      <div class="suite">
        <div class="rounded-window">
          <div class="suite-header light-rounded-window-top">
            <a href="#" class="navigator-link" panel-name="suite-Default_suite">
              <span class="suite-name border-failed">Default suite</span>
            </a> <!-- navigator-link -->
          </div> <!-- suite-header light-rounded-window-top -->
          <div class="navigator-suite-content">
            <div class="suite-section-title">
              <span>Info</span>
            </div> <!-- suite-section-title -->
            <div class="suite-section-content">
              <ul>
                <li>
                  <a href="#" class="navigator-link " panel-name="test-xml-Default_suite">
                    <span>C:\Users\thor.Installer\AppData\Local\Temp\testng-eclipse--1547461894\testng-customsuite.xml</span>
                  </a> <!-- navigator-link  -->
                </li>
                <li>
                  <a href="#" class="navigator-link " panel-name="testlist-Default_suite">
                    <span class="test-stats">1 test</span>
                  </a> <!-- navigator-link  -->
                </li>
                <li>
                  <a href="#" class="navigator-link " panel-name="group-Default_suite">
                    <span>0 groups</span>
                  </a> <!-- navigator-link  -->
                </li>
                <li>
                  <a href="#" class="navigator-link " panel-name="times-Default_suite">
                    <span>Times</span>
                  </a> <!-- navigator-link  -->
                </li>
                <li>
                  <a href="#" class="navigator-link " panel-name="reporter-Default_suite">
                    <span>Reporter output</span>
                  </a> <!-- navigator-link  -->
                </li>
                <li>
                  <a href="#" class="navigator-link " panel-name="ignored-methods-Default_suite">
                    <span>Ignored methods</span>
                  </a> <!-- navigator-link  -->
                </li>
                <li>
                  <a href="#" class="navigator-link " panel-name="chronological-Default_suite">
                    <span>Chronological view</span>
                  </a> <!-- navigator-link  -->
                </li>
              </ul>
            </div> <!-- suite-section-content -->
            <div class="result-section">
              <div class="suite-section-title">
                <span>Results</span>
              </div> <!-- suite-section-title -->
              <div class="suite-section-content">
                <ul>
                  <li>
                    <span class="method-stats">24 methods, 18 failed,  4 skipped,  2 passed</span>
                  </li>
                  <li>
                    <span class="method-list-title failed">Failed methods</span>
                    <span class="show-or-hide-methods failed">
                      <a href="#" panel-name="suite-Default_suite" class="hide-methods failed suite-Default_suite"> (hide)</a> <!-- hide-methods failed suite-Default_suite -->
                      <a href="#" panel-name="suite-Default_suite" class="show-methods failed suite-Default_suite"> (show)</a> <!-- show-methods failed suite-Default_suite -->
                    </span>
                    <div class="method-list-content failed suite-Default_suite">
                      <span>
                        <img width="3%" src="failed.png"/>
                        <a href="#" class="method navigator-link" panel-name="suite-Default_suite" title="de.sep.innovativeoperation.taskscheduler.test.selenium.firefoxTest.Firefox_editTaskIT" hash-for-method="activeEventTask">activeEventTask</a> <!-- method navigator-link -->
                      </span>
                      <br/>
                      <span>
                        <img width="3%" src="failed.png"/>
                        <a href="#" class="method navigator-link" panel-name="suite-Default_suite" title="de.sep.innovativeoperation.taskscheduler.test.selenium.firefoxTest.Firefox_editTaskIT" hash-for-method="activeTimeTask">activeTimeTask</a> <!-- method navigator-link -->
                      </span>
                      <br/>
                      <span>
                        <img width="3%" src="failed.png"/>
                        <a href="#" class="method navigator-link" panel-name="suite-Default_suite" title="de.sep.innovativeoperation.taskscheduler.test.selenium.firefoxTest.Firefox_createTaskIT" hash-for-method="createEventTaskBreak">createEventTaskBreak</a> <!-- method navigator-link -->
                      </span>
                      <br/>
                      <span>
                        <img width="3%" src="failed.png"/>
                        <a href="#" class="method navigator-link" panel-name="suite-Default_suite" title="de.sep.innovativeoperation.taskscheduler.test.selenium.firefoxTest.Firefox_createTaskIT" hash-for-method="createTaskBreak">createTaskBreak</a> <!-- method navigator-link -->
                      </span>
                      <br/>
                      <span>
                        <img width="3%" src="failed.png"/>
                        <a href="#" class="method navigator-link" panel-name="suite-Default_suite" title="de.sep.innovativeoperation.taskscheduler.test.selenium.firefoxTest.Firefox_createTaskIT" hash-for-method="createTimeTaskBreak">createTimeTaskBreak</a> <!-- method navigator-link -->
                      </span>
                      <br/>
                      <span>
                        <img width="3%" src="failed.png"/>
                        <a href="#" class="method navigator-link" panel-name="suite-Default_suite" title="de.sep.innovativeoperation.taskscheduler.test.selenium.firefoxTest.Firefox_editTaskIT" hash-for-method="deactiveEventTask">deactiveEventTask</a> <!-- method navigator-link -->
                      </span>
                      <br/>
                      <span>
                        <img width="3%" src="failed.png"/>
                        <a href="#" class="method navigator-link" panel-name="suite-Default_suite" title="de.sep.innovativeoperation.taskscheduler.test.selenium.firefoxTest.Firefox_editTaskIT" hash-for-method="deactiveTimeTask">deactiveTimeTask</a> <!-- method navigator-link -->
                      </span>
                      <br/>
                      <span>
                        <img width="3%" src="failed.png"/>
                        <a href="#" class="method navigator-link" panel-name="suite-Default_suite" title="de.sep.innovativeoperation.taskscheduler.test.selenium.firefoxTest.Firefox_createTaskIT" hash-for-method="savaTaskNoIssue">savaTaskNoIssue</a> <!-- method navigator-link -->
                      </span>
                      <br/>
                      <span>
                        <img width="3%" src="failed.png"/>
                        <a href="#" class="method navigator-link" panel-name="suite-Default_suite" title="de.sep.innovativeoperation.taskscheduler.test.selenium.firefoxTest.Firefox_createTaskIT" hash-for-method="saveEventTaskNoEvent">saveEventTaskNoEvent</a> <!-- method navigator-link -->
                      </span>
                      <br/>
                      <span>
                        <img width="3%" src="failed.png"/>
                        <a href="#" class="method navigator-link" panel-name="suite-Default_suite" title="de.sep.innovativeoperation.taskscheduler.test.selenium.firefoxTest.Firefox_createTaskIT" hash-for-method="saveEventTaskValid">saveEventTaskValid</a> <!-- method navigator-link -->
                      </span>
                      <br/>
                      <span>
                        <img width="3%" src="failed.png"/>
                        <a href="#" class="method navigator-link" panel-name="suite-Default_suite" title="de.sep.innovativeoperation.taskscheduler.test.selenium.firefoxTest.Firefox_createTaskIT" hash-for-method="saveTaskNoSelect">saveTaskNoSelect</a> <!-- method navigator-link -->
                      </span>
                      <br/>
                      <span>
                        <img width="3%" src="failed.png"/>
                        <a href="#" class="method navigator-link" panel-name="suite-Default_suite" title="de.sep.innovativeoperation.taskscheduler.test.selenium.firefoxTest.Firefox_createTaskIT" hash-for-method="saveTimeTaskNoDescription">saveTimeTaskNoDescription</a> <!-- method navigator-link -->
                      </span>
                      <br/>
                      <span>
                        <img width="3%" src="failed.png"/>
                        <a href="#" class="method navigator-link" panel-name="suite-Default_suite" title="de.sep.innovativeoperation.taskscheduler.test.selenium.firefoxTest.Firefox_createTaskIT" hash-for-method="saveTimeTaskNoName">saveTimeTaskNoName</a> <!-- method navigator-link -->
                      </span>
                      <br/>
                      <span>
                        <img width="3%" src="failed.png"/>
                        <a href="#" class="method navigator-link" panel-name="suite-Default_suite" title="de.sep.innovativeoperation.taskscheduler.test.selenium.firefoxTest.Firefox_createTaskIT" hash-for-method="saveTimeTaskNoTime">saveTimeTaskNoTime</a> <!-- method navigator-link -->
                      </span>
                      <br/>
                      <span>
                        <img width="3%" src="failed.png"/>
                        <a href="#" class="method navigator-link" panel-name="suite-Default_suite" title="de.sep.innovativeoperation.taskscheduler.test.selenium.firefoxTest.Firefox_createTaskIT" hash-for-method="saveTimeTaskNothing">saveTimeTaskNothing</a> <!-- method navigator-link -->
                      </span>
                      <br/>
                      <span>
                        <img width="3%" src="failed.png"/>
                        <a href="#" class="method navigator-link" panel-name="suite-Default_suite" title="de.sep.innovativeoperation.taskscheduler.test.selenium.firefoxTest.Firefox_createTaskIT" hash-for-method="saveTimeTaskValidWithLoop">saveTimeTaskValidWithLoop</a> <!-- method navigator-link -->
                      </span>
                      <br/>
                      <span>
                        <img width="3%" src="failed.png"/>
                        <a href="#" class="method navigator-link" panel-name="suite-Default_suite" title="de.sep.innovativeoperation.taskscheduler.test.selenium.firefoxTest.Firefox_createTaskIT" hash-for-method="selectIssueBreak">selectIssueBreak</a> <!-- method navigator-link -->
                      </span>
                      <br/>
                      <span>
                        <img width="3%" src="failed.png"/>
                        <a href="#" class="method navigator-link" panel-name="suite-Default_suite" title="de.sep.innovativeoperation.taskscheduler.test.selenium.firefoxTest.Firefox_editTaskIT" hash-for-method="showFireTime">showFireTime</a> <!-- method navigator-link -->
                      </span>
                      <br/>
                    </div> <!-- method-list-content failed suite-Default_suite -->
                  </li>
                  <li>
                    <span class="method-list-title skipped">Skipped methods</span>
                    <span class="show-or-hide-methods skipped">
                      <a href="#" panel-name="suite-Default_suite" class="hide-methods skipped suite-Default_suite"> (hide)</a> <!-- hide-methods skipped suite-Default_suite -->
                      <a href="#" panel-name="suite-Default_suite" class="show-methods skipped suite-Default_suite"> (show)</a> <!-- show-methods skipped suite-Default_suite -->
                    </span>
                    <div class="method-list-content skipped suite-Default_suite">
                      <span>
                        <img width="3%" src="skipped.png"/>
                        <a href="#" class="method navigator-link" panel-name="suite-Default_suite" title="de.sep.innovativeoperation.taskscheduler.test.selenium.firefoxTest.Firefox_editIssueIT" hash-for-method="editIssue">editIssue</a> <!-- method navigator-link -->
                      </span>
                      <br/>
                      <span>
                        <img width="3%" src="skipped.png"/>
                        <a href="#" class="method navigator-link" panel-name="suite-Default_suite" title="de.sep.innovativeoperation.taskscheduler.test.selenium.firefoxTest.Firefox_editIssueIT" hash-for-method="editIssueStatus">editIssueStatus</a> <!-- method navigator-link -->
                      </span>
                      <br/>
                      <span>
                        <img width="3%" src="skipped.png"/>
                        <a href="#" class="method navigator-link" panel-name="suite-Default_suite" title="de.sep.innovativeoperation.taskscheduler.test.selenium.firefoxTest.Firefox_editIssueIT" hash-for-method="editResolutionOfClosedIssue">editResolutionOfClosedIssue</a> <!-- method navigator-link -->
                      </span>
                      <br/>
                      <span>
                        <img width="3%" src="skipped.png"/>
                        <a href="#" class="method navigator-link" panel-name="suite-Default_suite" title="de.sep.innovativeoperation.taskscheduler.test.selenium.firefoxTest.Firefox_editIssueIT" hash-for-method="editResolutionOfNoClosedIssue">editResolutionOfNoClosedIssue</a> <!-- method navigator-link -->
                      </span>
                      <br/>
                    </div> <!-- method-list-content skipped suite-Default_suite -->
                  </li>
                  <li>
                    <span class="method-list-title passed">Passed methods</span>
                    <span class="show-or-hide-methods passed">
                      <a href="#" panel-name="suite-Default_suite" class="hide-methods passed suite-Default_suite"> (hide)</a> <!-- hide-methods passed suite-Default_suite -->
                      <a href="#" panel-name="suite-Default_suite" class="show-methods passed suite-Default_suite"> (show)</a> <!-- show-methods passed suite-Default_suite -->
                    </span>
                    <div class="method-list-content passed suite-Default_suite">
                      <span>
                        <img width="3%" src="passed.png"/>
                        <a href="#" class="method navigator-link" panel-name="suite-Default_suite" title="de.sep.innovativeoperation.taskscheduler.test.selenium.firefoxTest.Firefox_overviewIT" hash-for-method="filter">filter</a> <!-- method navigator-link -->
                      </span>
                      <br/>
                      <span>
                        <img width="3%" src="passed.png"/>
                        <a href="#" class="method navigator-link" panel-name="suite-Default_suite" title="de.sep.innovativeoperation.taskscheduler.test.selenium.firefoxTest.Firefox_overviewIT" hash-for-method="openTaskUebersicht">openTaskUebersicht</a> <!-- method navigator-link -->
                      </span>
                      <br/>
                    </div> <!-- method-list-content passed suite-Default_suite -->
                  </li>
                </ul>
              </div> <!-- suite-section-content -->
            </div> <!-- result-section -->
          </div> <!-- navigator-suite-content -->
        </div> <!-- rounded-window -->
      </div> <!-- suite -->
    </div> <!-- navigator-root -->
    <div class="wrapper">
      <div class="main-panel-root">
        <div panel-name="suite-Default_suite" class="panel Default_suite">
          <div class="suite-Default_suite-class-failed">
            <div class="main-panel-header rounded-window-top">
              <img src="failed.png"/>
              <span class="class-name">de.sep.innovativeoperation.taskscheduler.test.selenium.firefoxTest.Firefox_createTaskIT</span>
            </div> <!-- main-panel-header rounded-window-top -->
            <div class="main-panel-content rounded-window-bottom">
              <div class="method">
                <div class="method-content">
                  <a name="createEventTaskBreak">
                  </a> <!-- createEventTaskBreak -->
                  <span class="method-name">createEventTaskBreak</span>
                  <div class="stack-trace">org.openqa.selenium.ElementNotVisibleException: Element is not currently visible and so may not be interacted with
Command duration or timeout: 10 milliseconds
Build info: version: &apos;2.41.0&apos;, revision: &apos;3192d8a6c4449dc285928ba024779344f5423c58&apos;, time: &apos;2014-03-27 11:29:39&apos;
System info: host: &apos;msp07&apos;, ip: &apos;141.19.145.167&apos;, os.name: &apos;Windows 7&apos;, os.arch: &apos;x86&apos;, os.version: &apos;6.1&apos;, java.version: &apos;1.7.0_51&apos;
Session ID: 2705480f-ac69-432c-baf4-b0185a4b812f
Driver info: org.openqa.selenium.firefox.FirefoxDriver
Capabilities [{platform=XP, acceptSslCerts=true, javascriptEnabled=true, cssSelectorsEnabled=true, databaseEnabled=true, browserName=firefox, handlesAlerts=true, browserConnectionEnabled=true, webStorageEnabled=true, nativeEvents=false, rotatable=false, locationContextEnabled=true, applicationCacheEnabled=true, takesScreenshot=true, version=29.0.1}]
	at sun.reflect.NativeConstructorAccessorImpl.newInstance0(Native Method)
	at sun.reflect.NativeConstructorAccessorImpl.newInstance(NativeConstructorAccessorImpl.java:57)
	at sun.reflect.DelegatingConstructorAccessorImpl.newInstance(DelegatingConstructorAccessorImpl.java:45)
	at java.lang.reflect.Constructor.newInstance(Constructor.java:526)
	at org.openqa.selenium.remote.ErrorHandler.createThrowable(ErrorHandler.java:193)
	at org.openqa.selenium.remote.ErrorHandler.throwIfResponseFailed(ErrorHandler.java:145)
	at org.openqa.selenium.remote.RemoteWebDriver.execute(RemoteWebDriver.java:595)
	at org.openqa.selenium.remote.RemoteWebElement.execute(RemoteWebElement.java:268)
	at org.openqa.selenium.remote.RemoteWebElement.click(RemoteWebElement.java:79)
	at de.sep.innovativeoperation.taskscheduler.test.selenium.webDriver.WebDriver_createTaskIT.createEventTaskBreak(WebDriver_createTaskIT.java:26)
	at sun.reflect.NativeMethodAccessorImpl.invoke0(Native Method)
	at sun.reflect.NativeMethodAccessorImpl.invoke(NativeMethodAccessorImpl.java:57)
	at sun.reflect.DelegatingMethodAccessorImpl.invoke(DelegatingMethodAccessorImpl.java:43)
	at java.lang.reflect.Method.invoke(Method.java:606)
	at org.testng.internal.MethodInvocationHelper.invokeMethod(MethodInvocationHelper.java:84)
	at org.testng.internal.Invoker.invokeMethod(Invoker.java:714)
	at org.testng.internal.Invoker.invokeTestMethod(Invoker.java:901)
	at org.testng.internal.Invoker.invokeTestMethods(Invoker.java:1231)
	at org.testng.internal.TestMethodWorker.invokeTestMethods(TestMethodWorker.java:127)
	at org.testng.internal.TestMethodWorker.run(TestMethodWorker.java:111)
	at org.testng.TestRunner.privateRun(TestRunner.java:767)
	at org.testng.TestRunner.run(TestRunner.java:617)
	at org.testng.SuiteRunner.runTest(SuiteRunner.java:334)
	at org.testng.SuiteRunner.runSequentially(SuiteRunner.java:329)
	at org.testng.SuiteRunner.privateRun(SuiteRunner.java:291)
	at org.testng.SuiteRunner.run(SuiteRunner.java:240)
	at org.testng.SuiteRunnerWorker.runSuite(SuiteRunnerWorker.java:52)
	at org.testng.SuiteRunnerWorker.run(SuiteRunnerWorker.java:86)
	at org.testng.TestNG.runSuitesSequentially(TestNG.java:1224)
	at org.testng.TestNG.runSuitesLocally(TestNG.java:1149)
	at org.testng.TestNG.run(TestNG.java:1057)
	at org.testng.remote.RemoteTestNG.run(RemoteTestNG.java:111)
	at org.testng.remote.RemoteTestNG.initAndRun(RemoteTestNG.java:204)
	at org.testng.remote.RemoteTestNG.main(RemoteTestNG.java:175)
Caused by: org.openqa.selenium.remote.ErrorHandler$UnknownServerException: Element is not currently visible and so may not be interacted with
Build info: version: &apos;2.41.0&apos;, revision: &apos;3192d8a6c4449dc285928ba024779344f5423c58&apos;, time: &apos;2014-03-27 11:29:39&apos;
System info: host: &apos;msp07&apos;, ip: &apos;141.19.145.167&apos;, os.name: &apos;Windows 7&apos;, os.arch: &apos;x86&apos;, os.version: &apos;6.1&apos;, java.version: &apos;1.7.0_51&apos;
Driver info: driver.version: unknown
	at &lt;anonymous class&gt;.fxdriver.preconditions.visible(file:///C:/Users/THOR~1.INS/AppData/Local/Temp/anonymous6668082564633523978webdriver-profile/extensions/fxdriver@googlecode.com/components/command_processor.js:8225)
	at &lt;anonymous class&gt;.DelayedCommand.prototype.checkPreconditions_(file:///C:/Users/THOR~1.INS/AppData/Local/Temp/anonymous6668082564633523978webdriver-profile/extensions/fxdriver@googlecode.com/components/command_processor.js:10867)
	at &lt;anonymous class&gt;.DelayedCommand.prototype.executeInternal_/h(file:///C:/Users/THOR~1.INS/AppData/Local/Temp/anonymous6668082564633523978webdriver-profile/extensions/fxdriver@googlecode.com/components/command_processor.js:10884)
	at &lt;anonymous class&gt;.DelayedCommand.prototype.executeInternal_(file:///C:/Users/THOR~1.INS/AppData/Local/Temp/anonymous6668082564633523978webdriver-profile/extensions/fxdriver@googlecode.com/components/command_processor.js:10889)
	at &lt;anonymous class&gt;.DelayedCommand.prototype.execute/&lt;(file:///C:/Users/THOR~1.INS/AppData/Local/Temp/anonymous6668082564633523978webdriver-profile/extensions/fxdriver@googlecode.com/components/command_processor.js:10831)

</div> <!-- stack-trace -->
                </div> <!-- method-content -->
              </div> <!-- method -->
              <div class="method">
                <div class="method-content">
                  <a name="createTaskBreak">
                  </a> <!-- createTaskBreak -->
                  <span class="method-name">createTaskBreak</span>
                  <div class="stack-trace">org.openqa.selenium.NoSuchElementException: Unable to locate element: {&quot;method&quot;:&quot;id&quot;,&quot;selector&quot;:&quot;&quot;}
Command duration or timeout: 13 milliseconds
For documentation on this error, please visit: http://seleniumhq.org/exceptions/no_such_element.html
Build info: version: &apos;2.41.0&apos;, revision: &apos;3192d8a6c4449dc285928ba024779344f5423c58&apos;, time: &apos;2014-03-27 11:29:39&apos;
System info: host: &apos;msp07&apos;, ip: &apos;141.19.145.167&apos;, os.name: &apos;Windows 7&apos;, os.arch: &apos;x86&apos;, os.version: &apos;6.1&apos;, java.version: &apos;1.7.0_51&apos;
Session ID: fdbc5210-a439-4940-abb2-3f37f7f78749
Driver info: org.openqa.selenium.firefox.FirefoxDriver
Capabilities [{platform=XP, acceptSslCerts=true, javascriptEnabled=true, cssSelectorsEnabled=true, databaseEnabled=true, browserName=firefox, handlesAlerts=true, browserConnectionEnabled=true, webStorageEnabled=true, nativeEvents=false, rotatable=false, locationContextEnabled=true, applicationCacheEnabled=true, takesScreenshot=true, version=29.0.1}]
	at sun.reflect.NativeConstructorAccessorImpl.newInstance0(Native Method)
	at sun.reflect.NativeConstructorAccessorImpl.newInstance(NativeConstructorAccessorImpl.java:57)
	at sun.reflect.DelegatingConstructorAccessorImpl.newInstance(DelegatingConstructorAccessorImpl.java:45)
	at java.lang.reflect.Constructor.newInstance(Constructor.java:526)
	at org.openqa.selenium.remote.ErrorHandler.createThrowable(ErrorHandler.java:193)
	at org.openqa.selenium.remote.ErrorHandler.throwIfResponseFailed(ErrorHandler.java:145)
	at org.openqa.selenium.remote.RemoteWebDriver.execute(RemoteWebDriver.java:595)
	at org.openqa.selenium.remote.RemoteWebDriver.findElement(RemoteWebDriver.java:348)
	at org.openqa.selenium.remote.RemoteWebDriver.findElementById(RemoteWebDriver.java:389)
	at org.openqa.selenium.By$ById.findElement(By.java:214)
	at org.openqa.selenium.remote.RemoteWebDriver.findElement(RemoteWebDriver.java:340)
	at de.sep.innovativeoperation.taskscheduler.test.selenium.webDriver.WebDriver_createTaskIT.createTaskBreak(WebDriver_createTaskIT.java:17)
	at sun.reflect.NativeMethodAccessorImpl.invoke0(Native Method)
	at sun.reflect.NativeMethodAccessorImpl.invoke(NativeMethodAccessorImpl.java:57)
	at sun.reflect.DelegatingMethodAccessorImpl.invoke(DelegatingMethodAccessorImpl.java:43)
	at java.lang.reflect.Method.invoke(Method.java:606)
	at org.testng.internal.MethodInvocationHelper.invokeMethod(MethodInvocationHelper.java:84)
	at org.testng.internal.Invoker.invokeMethod(Invoker.java:714)
	at org.testng.internal.Invoker.invokeTestMethod(Invoker.java:901)
	at org.testng.internal.Invoker.invokeTestMethods(Invoker.java:1231)
	at org.testng.internal.TestMethodWorker.invokeTestMethods(TestMethodWorker.java:127)
	at org.testng.internal.TestMethodWorker.run(TestMethodWorker.java:111)
	at org.testng.TestRunner.privateRun(TestRunner.java:767)
	at org.testng.TestRunner.run(TestRunner.java:617)
	at org.testng.SuiteRunner.runTest(SuiteRunner.java:334)
	at org.testng.SuiteRunner.runSequentially(SuiteRunner.java:329)
	at org.testng.SuiteRunner.privateRun(SuiteRunner.java:291)
	at org.testng.SuiteRunner.run(SuiteRunner.java:240)
	at org.testng.SuiteRunnerWorker.runSuite(SuiteRunnerWorker.java:52)
	at org.testng.SuiteRunnerWorker.run(SuiteRunnerWorker.java:86)
	at org.testng.TestNG.runSuitesSequentially(TestNG.java:1224)
	at org.testng.TestNG.runSuitesLocally(TestNG.java:1149)
	at org.testng.TestNG.run(TestNG.java:1057)
	at org.testng.remote.RemoteTestNG.run(RemoteTestNG.java:111)
	at org.testng.remote.RemoteTestNG.initAndRun(RemoteTestNG.java:204)
	at org.testng.remote.RemoteTestNG.main(RemoteTestNG.java:175)
Caused by: org.openqa.selenium.remote.ErrorHandler$UnknownServerException: Unable to locate element: {&quot;method&quot;:&quot;id&quot;,&quot;selector&quot;:&quot;&quot;}
Build info: version: &apos;2.41.0&apos;, revision: &apos;3192d8a6c4449dc285928ba024779344f5423c58&apos;, time: &apos;2014-03-27 11:29:39&apos;
System info: host: &apos;msp07&apos;, ip: &apos;141.19.145.167&apos;, os.name: &apos;Windows 7&apos;, os.arch: &apos;x86&apos;, os.version: &apos;6.1&apos;, java.version: &apos;1.7.0_51&apos;
Driver info: driver.version: unknown
	at &lt;anonymous class&gt;.FirefoxDriver.prototype.findElementInternal_(file:///C:/Users/THOR~1.INS/AppData/Local/Temp/anonymous3435328978431500041webdriver-profile/extensions/fxdriver@googlecode.com/components/driver_component.js:8905)
	at &lt;anonymous class&gt;.FirefoxDriver.prototype.findElement(file:///C:/Users/THOR~1.INS/AppData/Local/Temp/anonymous3435328978431500041webdriver-profile/extensions/fxdriver@googlecode.com/components/driver_component.js:8914)
	at &lt;anonymous class&gt;.DelayedCommand.prototype.executeInternal_/h(file:///C:/Users/THOR~1.INS/AppData/Local/Temp/anonymous3435328978431500041webdriver-profile/extensions/fxdriver@googlecode.com/components/command_processor.js:10884)
	at &lt;anonymous class&gt;.DelayedCommand.prototype.executeInternal_(file:///C:/Users/THOR~1.INS/AppData/Local/Temp/anonymous3435328978431500041webdriver-profile/extensions/fxdriver@googlecode.com/components/command_processor.js:10889)
	at &lt;anonymous class&gt;.DelayedCommand.prototype.execute/&lt;(file:///C:/Users/THOR~1.INS/AppData/Local/Temp/anonymous3435328978431500041webdriver-profile/extensions/fxdriver@googlecode.com/components/command_processor.js:10831)

</div> <!-- stack-trace -->
                </div> <!-- method-content -->
              </div> <!-- method -->
              <div class="method">
                <div class="method-content">
                  <a name="createTimeTaskBreak">
                  </a> <!-- createTimeTaskBreak -->
                  <span class="method-name">createTimeTaskBreak</span>
                  <div class="stack-trace">org.openqa.selenium.ElementNotVisibleException: Element is not currently visible and so may not be interacted with
Command duration or timeout: 9 milliseconds
Build info: version: &apos;2.41.0&apos;, revision: &apos;3192d8a6c4449dc285928ba024779344f5423c58&apos;, time: &apos;2014-03-27 11:29:39&apos;
System info: host: &apos;msp07&apos;, ip: &apos;141.19.145.167&apos;, os.name: &apos;Windows 7&apos;, os.arch: &apos;x86&apos;, os.version: &apos;6.1&apos;, java.version: &apos;1.7.0_51&apos;
Session ID: e4992c94-f8cd-4442-bdb4-3b45373cfe66
Driver info: org.openqa.selenium.firefox.FirefoxDriver
Capabilities [{platform=XP, acceptSslCerts=true, javascriptEnabled=true, cssSelectorsEnabled=true, databaseEnabled=true, browserName=firefox, handlesAlerts=true, browserConnectionEnabled=true, webStorageEnabled=true, nativeEvents=false, rotatable=false, locationContextEnabled=true, applicationCacheEnabled=true, takesScreenshot=true, version=29.0.1}]
	at sun.reflect.NativeConstructorAccessorImpl.newInstance0(Native Method)
	at sun.reflect.NativeConstructorAccessorImpl.newInstance(NativeConstructorAccessorImpl.java:57)
	at sun.reflect.DelegatingConstructorAccessorImpl.newInstance(DelegatingConstructorAccessorImpl.java:45)
	at java.lang.reflect.Constructor.newInstance(Constructor.java:526)
	at org.openqa.selenium.remote.ErrorHandler.createThrowable(ErrorHandler.java:193)
	at org.openqa.selenium.remote.ErrorHandler.throwIfResponseFailed(ErrorHandler.java:145)
	at org.openqa.selenium.remote.RemoteWebDriver.execute(RemoteWebDriver.java:595)
	at org.openqa.selenium.remote.RemoteWebElement.execute(RemoteWebElement.java:268)
	at org.openqa.selenium.remote.RemoteWebElement.click(RemoteWebElement.java:79)
	at de.sep.innovativeoperation.taskscheduler.test.selenium.webDriver.WebDriver_createTaskIT.createTimeTaskBreak(WebDriver_createTaskIT.java:37)
	at sun.reflect.NativeMethodAccessorImpl.invoke0(Native Method)
	at sun.reflect.NativeMethodAccessorImpl.invoke(NativeMethodAccessorImpl.java:57)
	at sun.reflect.DelegatingMethodAccessorImpl.invoke(DelegatingMethodAccessorImpl.java:43)
	at java.lang.reflect.Method.invoke(Method.java:606)
	at org.testng.internal.MethodInvocationHelper.invokeMethod(MethodInvocationHelper.java:84)
	at org.testng.internal.Invoker.invokeMethod(Invoker.java:714)
	at org.testng.internal.Invoker.invokeTestMethod(Invoker.java:901)
	at org.testng.internal.Invoker.invokeTestMethods(Invoker.java:1231)
	at org.testng.internal.TestMethodWorker.invokeTestMethods(TestMethodWorker.java:127)
	at org.testng.internal.TestMethodWorker.run(TestMethodWorker.java:111)
	at org.testng.TestRunner.privateRun(TestRunner.java:767)
	at org.testng.TestRunner.run(TestRunner.java:617)
	at org.testng.SuiteRunner.runTest(SuiteRunner.java:334)
	at org.testng.SuiteRunner.runSequentially(SuiteRunner.java:329)
	at org.testng.SuiteRunner.privateRun(SuiteRunner.java:291)
	at org.testng.SuiteRunner.run(SuiteRunner.java:240)
	at org.testng.SuiteRunnerWorker.runSuite(SuiteRunnerWorker.java:52)
	at org.testng.SuiteRunnerWorker.run(SuiteRunnerWorker.java:86)
	at org.testng.TestNG.runSuitesSequentially(TestNG.java:1224)
	at org.testng.TestNG.runSuitesLocally(TestNG.java:1149)
	at org.testng.TestNG.run(TestNG.java:1057)
	at org.testng.remote.RemoteTestNG.run(RemoteTestNG.java:111)
	at org.testng.remote.RemoteTestNG.initAndRun(RemoteTestNG.java:204)
	at org.testng.remote.RemoteTestNG.main(RemoteTestNG.java:175)
Caused by: org.openqa.selenium.remote.ErrorHandler$UnknownServerException: Element is not currently visible and so may not be interacted with
Build info: version: &apos;2.41.0&apos;, revision: &apos;3192d8a6c4449dc285928ba024779344f5423c58&apos;, time: &apos;2014-03-27 11:29:39&apos;
System info: host: &apos;msp07&apos;, ip: &apos;141.19.145.167&apos;, os.name: &apos;Windows 7&apos;, os.arch: &apos;x86&apos;, os.version: &apos;6.1&apos;, java.version: &apos;1.7.0_51&apos;
Driver info: driver.version: unknown
	at &lt;anonymous class&gt;.fxdriver.preconditions.visible(file:///C:/Users/THOR~1.INS/AppData/Local/Temp/anonymous155347948371908169webdriver-profile/extensions/fxdriver@googlecode.com/components/command_processor.js:8225)
	at &lt;anonymous class&gt;.DelayedCommand.prototype.checkPreconditions_(file:///C:/Users/THOR~1.INS/AppData/Local/Temp/anonymous155347948371908169webdriver-profile/extensions/fxdriver@googlecode.com/components/command_processor.js:10867)
	at &lt;anonymous class&gt;.DelayedCommand.prototype.executeInternal_/h(file:///C:/Users/THOR~1.INS/AppData/Local/Temp/anonymous155347948371908169webdriver-profile/extensions/fxdriver@googlecode.com/components/command_processor.js:10884)
	at &lt;anonymous class&gt;.DelayedCommand.prototype.executeInternal_(file:///C:/Users/THOR~1.INS/AppData/Local/Temp/anonymous155347948371908169webdriver-profile/extensions/fxdriver@googlecode.com/components/command_processor.js:10889)
	at &lt;anonymous class&gt;.DelayedCommand.prototype.execute/&lt;(file:///C:/Users/THOR~1.INS/AppData/Local/Temp/anonymous155347948371908169webdriver-profile/extensions/fxdriver@googlecode.com/components/command_processor.js:10831)

</div> <!-- stack-trace -->
                </div> <!-- method-content -->
              </div> <!-- method -->
              <div class="method">
                <div class="method-content">
                  <a name="savaTaskNoIssue">
                  </a> <!-- savaTaskNoIssue -->
                  <span class="method-name">savaTaskNoIssue</span>
                  <div class="stack-trace">org.openqa.selenium.ElementNotVisibleException: Element is not currently visible and so may not be interacted with
Command duration or timeout: 16 milliseconds
Build info: version: &apos;2.41.0&apos;, revision: &apos;3192d8a6c4449dc285928ba024779344f5423c58&apos;, time: &apos;2014-03-27 11:29:39&apos;
System info: host: &apos;msp07&apos;, ip: &apos;141.19.145.167&apos;, os.name: &apos;Windows 7&apos;, os.arch: &apos;x86&apos;, os.version: &apos;6.1&apos;, java.version: &apos;1.7.0_51&apos;
Session ID: 3aef1db7-34d3-4652-9e64-1aba127daf71
Driver info: org.openqa.selenium.firefox.FirefoxDriver
Capabilities [{platform=XP, acceptSslCerts=true, javascriptEnabled=true, cssSelectorsEnabled=true, databaseEnabled=true, browserName=firefox, handlesAlerts=true, browserConnectionEnabled=true, webStorageEnabled=true, nativeEvents=false, rotatable=false, locationContextEnabled=true, applicationCacheEnabled=true, takesScreenshot=true, version=29.0.1}]
	at sun.reflect.NativeConstructorAccessorImpl.newInstance0(Native Method)
	at sun.reflect.NativeConstructorAccessorImpl.newInstance(NativeConstructorAccessorImpl.java:57)
	at sun.reflect.DelegatingConstructorAccessorImpl.newInstance(DelegatingConstructorAccessorImpl.java:45)
	at java.lang.reflect.Constructor.newInstance(Constructor.java:526)
	at org.openqa.selenium.remote.ErrorHandler.createThrowable(ErrorHandler.java:193)
	at org.openqa.selenium.remote.ErrorHandler.throwIfResponseFailed(ErrorHandler.java:145)
	at org.openqa.selenium.remote.RemoteWebDriver.execute(RemoteWebDriver.java:595)
	at org.openqa.selenium.remote.RemoteWebElement.execute(RemoteWebElement.java:268)
	at org.openqa.selenium.remote.RemoteWebElement.sendKeys(RemoteWebElement.java:89)
	at de.sep.innovativeoperation.taskscheduler.test.selenium.webDriver.WebDriver_createTaskIT.savaTaskNoIssue(WebDriver_createTaskIT.java:204)
	at sun.reflect.NativeMethodAccessorImpl.invoke0(Native Method)
	at sun.reflect.NativeMethodAccessorImpl.invoke(NativeMethodAccessorImpl.java:57)
	at sun.reflect.DelegatingMethodAccessorImpl.invoke(DelegatingMethodAccessorImpl.java:43)
	at java.lang.reflect.Method.invoke(Method.java:606)
	at org.testng.internal.MethodInvocationHelper.invokeMethod(MethodInvocationHelper.java:84)
	at org.testng.internal.Invoker.invokeMethod(Invoker.java:714)
	at org.testng.internal.Invoker.invokeTestMethod(Invoker.java:901)
	at org.testng.internal.Invoker.invokeTestMethods(Invoker.java:1231)
	at org.testng.internal.TestMethodWorker.invokeTestMethods(TestMethodWorker.java:127)
	at org.testng.internal.TestMethodWorker.run(TestMethodWorker.java:111)
	at org.testng.TestRunner.privateRun(TestRunner.java:767)
	at org.testng.TestRunner.run(TestRunner.java:617)
	at org.testng.SuiteRunner.runTest(SuiteRunner.java:334)
	at org.testng.SuiteRunner.runSequentially(SuiteRunner.java:329)
	at org.testng.SuiteRunner.privateRun(SuiteRunner.java:291)
	at org.testng.SuiteRunner.run(SuiteRunner.java:240)
	at org.testng.SuiteRunnerWorker.runSuite(SuiteRunnerWorker.java:52)
	at org.testng.SuiteRunnerWorker.run(SuiteRunnerWorker.java:86)
	at org.testng.TestNG.runSuitesSequentially(TestNG.java:1224)
	at org.testng.TestNG.runSuitesLocally(TestNG.java:1149)
	at org.testng.TestNG.run(TestNG.java:1057)
	at org.testng.remote.RemoteTestNG.run(RemoteTestNG.java:111)
	at org.testng.remote.RemoteTestNG.initAndRun(RemoteTestNG.java:204)
	at org.testng.remote.RemoteTestNG.main(RemoteTestNG.java:175)
Caused by: org.openqa.selenium.remote.ErrorHandler$UnknownServerException: Element is not currently visible and so may not be interacted with
Build info: version: &apos;2.41.0&apos;, revision: &apos;3192d8a6c4449dc285928ba024779344f5423c58&apos;, time: &apos;2014-03-27 11:29:39&apos;
System info: host: &apos;msp07&apos;, ip: &apos;141.19.145.167&apos;, os.name: &apos;Windows 7&apos;, os.arch: &apos;x86&apos;, os.version: &apos;6.1&apos;, java.version: &apos;1.7.0_51&apos;
Driver info: driver.version: unknown
	at &lt;anonymous class&gt;.fxdriver.preconditions.visible(file:///C:/Users/THOR~1.INS/AppData/Local/Temp/anonymous7799407452941389809webdriver-profile/extensions/fxdriver@googlecode.com/components/command_processor.js:8225)
	at &lt;anonymous class&gt;.DelayedCommand.prototype.checkPreconditions_(file:///C:/Users/THOR~1.INS/AppData/Local/Temp/anonymous7799407452941389809webdriver-profile/extensions/fxdriver@googlecode.com/components/command_processor.js:10867)
	at &lt;anonymous class&gt;.DelayedCommand.prototype.executeInternal_/h(file:///C:/Users/THOR~1.INS/AppData/Local/Temp/anonymous7799407452941389809webdriver-profile/extensions/fxdriver@googlecode.com/components/command_processor.js:10884)
	at &lt;anonymous class&gt;.DelayedCommand.prototype.executeInternal_(file:///C:/Users/THOR~1.INS/AppData/Local/Temp/anonymous7799407452941389809webdriver-profile/extensions/fxdriver@googlecode.com/components/command_processor.js:10889)
	at &lt;anonymous class&gt;.DelayedCommand.prototype.execute/&lt;(file:///C:/Users/THOR~1.INS/AppData/Local/Temp/anonymous7799407452941389809webdriver-profile/extensions/fxdriver@googlecode.com/components/command_processor.js:10831)

</div> <!-- stack-trace -->
                </div> <!-- method-content -->
              </div> <!-- method -->
              <div class="method">
                <div class="method-content">
                  <a name="saveEventTaskNoEvent">
                  </a> <!-- saveEventTaskNoEvent -->
                  <span class="method-name">saveEventTaskNoEvent</span>
                  <div class="stack-trace">org.openqa.selenium.ElementNotVisibleException: Element is not currently visible and so may not be interacted with
Command duration or timeout: 27 milliseconds
Build info: version: &apos;2.41.0&apos;, revision: &apos;3192d8a6c4449dc285928ba024779344f5423c58&apos;, time: &apos;2014-03-27 11:29:39&apos;
System info: host: &apos;msp07&apos;, ip: &apos;141.19.145.167&apos;, os.name: &apos;Windows 7&apos;, os.arch: &apos;x86&apos;, os.version: &apos;6.1&apos;, java.version: &apos;1.7.0_51&apos;
Session ID: a7d77801-416d-4f60-b262-8736ce5f4e78
Driver info: org.openqa.selenium.firefox.FirefoxDriver
Capabilities [{platform=XP, acceptSslCerts=true, javascriptEnabled=true, cssSelectorsEnabled=true, databaseEnabled=true, browserName=firefox, handlesAlerts=true, browserConnectionEnabled=true, webStorageEnabled=true, nativeEvents=false, rotatable=false, locationContextEnabled=true, applicationCacheEnabled=true, takesScreenshot=true, version=29.0.1}]
	at sun.reflect.NativeConstructorAccessorImpl.newInstance0(Native Method)
	at sun.reflect.NativeConstructorAccessorImpl.newInstance(NativeConstructorAccessorImpl.java:57)
	at sun.reflect.DelegatingConstructorAccessorImpl.newInstance(DelegatingConstructorAccessorImpl.java:45)
	at java.lang.reflect.Constructor.newInstance(Constructor.java:526)
	at org.openqa.selenium.remote.ErrorHandler.createThrowable(ErrorHandler.java:193)
	at org.openqa.selenium.remote.ErrorHandler.throwIfResponseFailed(ErrorHandler.java:145)
	at org.openqa.selenium.remote.RemoteWebDriver.execute(RemoteWebDriver.java:595)
	at org.openqa.selenium.remote.RemoteWebElement.execute(RemoteWebElement.java:268)
	at org.openqa.selenium.remote.RemoteWebElement.sendKeys(RemoteWebElement.java:89)
	at de.sep.innovativeoperation.taskscheduler.test.selenium.webDriver.WebDriver_createTaskIT.saveEventTaskNoEvent(WebDriver_createTaskIT.java:172)
	at sun.reflect.NativeMethodAccessorImpl.invoke0(Native Method)
	at sun.reflect.NativeMethodAccessorImpl.invoke(NativeMethodAccessorImpl.java:57)
	at sun.reflect.DelegatingMethodAccessorImpl.invoke(DelegatingMethodAccessorImpl.java:43)
	at java.lang.reflect.Method.invoke(Method.java:606)
	at org.testng.internal.MethodInvocationHelper.invokeMethod(MethodInvocationHelper.java:84)
	at org.testng.internal.Invoker.invokeMethod(Invoker.java:714)
	at org.testng.internal.Invoker.invokeTestMethod(Invoker.java:901)
	at org.testng.internal.Invoker.invokeTestMethods(Invoker.java:1231)
	at org.testng.internal.TestMethodWorker.invokeTestMethods(TestMethodWorker.java:127)
	at org.testng.internal.TestMethodWorker.run(TestMethodWorker.java:111)
	at org.testng.TestRunner.privateRun(TestRunner.java:767)
	at org.testng.TestRunner.run(TestRunner.java:617)
	at org.testng.SuiteRunner.runTest(SuiteRunner.java:334)
	at org.testng.SuiteRunner.runSequentially(SuiteRunner.java:329)
	at org.testng.SuiteRunner.privateRun(SuiteRunner.java:291)
	at org.testng.SuiteRunner.run(SuiteRunner.java:240)
	at org.testng.SuiteRunnerWorker.runSuite(SuiteRunnerWorker.java:52)
	at org.testng.SuiteRunnerWorker.run(SuiteRunnerWorker.java:86)
	at org.testng.TestNG.runSuitesSequentially(TestNG.java:1224)
	at org.testng.TestNG.runSuitesLocally(TestNG.java:1149)
	at org.testng.TestNG.run(TestNG.java:1057)
	at org.testng.remote.RemoteTestNG.run(RemoteTestNG.java:111)
	at org.testng.remote.RemoteTestNG.initAndRun(RemoteTestNG.java:204)
	at org.testng.remote.RemoteTestNG.main(RemoteTestNG.java:175)
Caused by: org.openqa.selenium.remote.ErrorHandler$UnknownServerException: Element is not currently visible and so may not be interacted with
Build info: version: &apos;2.41.0&apos;, revision: &apos;3192d8a6c4449dc285928ba024779344f5423c58&apos;, time: &apos;2014-03-27 11:29:39&apos;
System info: host: &apos;msp07&apos;, ip: &apos;141.19.145.167&apos;, os.name: &apos;Windows 7&apos;, os.arch: &apos;x86&apos;, os.version: &apos;6.1&apos;, java.version: &apos;1.7.0_51&apos;
Driver info: driver.version: unknown
	at &lt;anonymous class&gt;.fxdriver.preconditions.visible(file:///C:/Users/THOR~1.INS/AppData/Local/Temp/anonymous7695216972848048840webdriver-profile/extensions/fxdriver@googlecode.com/components/command_processor.js:8225)
	at &lt;anonymous class&gt;.DelayedCommand.prototype.checkPreconditions_(file:///C:/Users/THOR~1.INS/AppData/Local/Temp/anonymous7695216972848048840webdriver-profile/extensions/fxdriver@googlecode.com/components/command_processor.js:10867)
	at &lt;anonymous class&gt;.DelayedCommand.prototype.executeInternal_/h(file:///C:/Users/THOR~1.INS/AppData/Local/Temp/anonymous7695216972848048840webdriver-profile/extensions/fxdriver@googlecode.com/components/command_processor.js:10884)
	at &lt;anonymous class&gt;.DelayedCommand.prototype.executeInternal_(file:///C:/Users/THOR~1.INS/AppData/Local/Temp/anonymous7695216972848048840webdriver-profile/extensions/fxdriver@googlecode.com/components/command_processor.js:10889)
	at &lt;anonymous class&gt;.DelayedCommand.prototype.execute/&lt;(file:///C:/Users/THOR~1.INS/AppData/Local/Temp/anonymous7695216972848048840webdriver-profile/extensions/fxdriver@googlecode.com/components/command_processor.js:10831)

</div> <!-- stack-trace -->
                </div> <!-- method-content -->
              </div> <!-- method -->
              <div class="method">
                <div class="method-content">
                  <a name="saveEventTaskValid">
                  </a> <!-- saveEventTaskValid -->
                  <span class="method-name">saveEventTaskValid</span>
                  <div class="stack-trace">org.openqa.selenium.ElementNotVisibleException: Element is not currently visible and so may not be interacted with
Command duration or timeout: 18 milliseconds
Build info: version: &apos;2.41.0&apos;, revision: &apos;3192d8a6c4449dc285928ba024779344f5423c58&apos;, time: &apos;2014-03-27 11:29:39&apos;
System info: host: &apos;msp07&apos;, ip: &apos;141.19.145.167&apos;, os.name: &apos;Windows 7&apos;, os.arch: &apos;x86&apos;, os.version: &apos;6.1&apos;, java.version: &apos;1.7.0_51&apos;
Session ID: 59ca3793-a5ef-490e-8163-0f7cf1e4adb8
Driver info: org.openqa.selenium.firefox.FirefoxDriver
Capabilities [{platform=XP, acceptSslCerts=true, javascriptEnabled=true, cssSelectorsEnabled=true, databaseEnabled=true, browserName=firefox, handlesAlerts=true, browserConnectionEnabled=true, webStorageEnabled=true, nativeEvents=false, rotatable=false, locationContextEnabled=true, applicationCacheEnabled=true, takesScreenshot=true, version=29.0.1}]
	at sun.reflect.NativeConstructorAccessorImpl.newInstance0(Native Method)
	at sun.reflect.NativeConstructorAccessorImpl.newInstance(NativeConstructorAccessorImpl.java:57)
	at sun.reflect.DelegatingConstructorAccessorImpl.newInstance(DelegatingConstructorAccessorImpl.java:45)
	at java.lang.reflect.Constructor.newInstance(Constructor.java:526)
	at org.openqa.selenium.remote.ErrorHandler.createThrowable(ErrorHandler.java:193)
	at org.openqa.selenium.remote.ErrorHandler.throwIfResponseFailed(ErrorHandler.java:145)
	at org.openqa.selenium.remote.RemoteWebDriver.execute(RemoteWebDriver.java:595)
	at org.openqa.selenium.remote.RemoteWebElement.execute(RemoteWebElement.java:268)
	at org.openqa.selenium.remote.RemoteWebElement.sendKeys(RemoteWebElement.java:89)
	at de.sep.innovativeoperation.taskscheduler.test.selenium.webDriver.WebDriver_createTaskIT.saveEventTaskValid(WebDriver_createTaskIT.java:151)
	at sun.reflect.NativeMethodAccessorImpl.invoke0(Native Method)
	at sun.reflect.NativeMethodAccessorImpl.invoke(NativeMethodAccessorImpl.java:57)
	at sun.reflect.DelegatingMethodAccessorImpl.invoke(DelegatingMethodAccessorImpl.java:43)
	at java.lang.reflect.Method.invoke(Method.java:606)
	at org.testng.internal.MethodInvocationHelper.invokeMethod(MethodInvocationHelper.java:84)
	at org.testng.internal.Invoker.invokeMethod(Invoker.java:714)
	at org.testng.internal.Invoker.invokeTestMethod(Invoker.java:901)
	at org.testng.internal.Invoker.invokeTestMethods(Invoker.java:1231)
	at org.testng.internal.TestMethodWorker.invokeTestMethods(TestMethodWorker.java:127)
	at org.testng.internal.TestMethodWorker.run(TestMethodWorker.java:111)
	at org.testng.TestRunner.privateRun(TestRunner.java:767)
	at org.testng.TestRunner.run(TestRunner.java:617)
	at org.testng.SuiteRunner.runTest(SuiteRunner.java:334)
	at org.testng.SuiteRunner.runSequentially(SuiteRunner.java:329)
	at org.testng.SuiteRunner.privateRun(SuiteRunner.java:291)
	at org.testng.SuiteRunner.run(SuiteRunner.java:240)
	at org.testng.SuiteRunnerWorker.runSuite(SuiteRunnerWorker.java:52)
	at org.testng.SuiteRunnerWorker.run(SuiteRunnerWorker.java:86)
	at org.testng.TestNG.runSuitesSequentially(TestNG.java:1224)
	at org.testng.TestNG.runSuitesLocally(TestNG.java:1149)
	at org.testng.TestNG.run(TestNG.java:1057)
	at org.testng.remote.RemoteTestNG.run(RemoteTestNG.java:111)
	at org.testng.remote.RemoteTestNG.initAndRun(RemoteTestNG.java:204)
	at org.testng.remote.RemoteTestNG.main(RemoteTestNG.java:175)
Caused by: org.openqa.selenium.remote.ErrorHandler$UnknownServerException: Element is not currently visible and so may not be interacted with
Build info: version: &apos;2.41.0&apos;, revision: &apos;3192d8a6c4449dc285928ba024779344f5423c58&apos;, time: &apos;2014-03-27 11:29:39&apos;
System info: host: &apos;msp07&apos;, ip: &apos;141.19.145.167&apos;, os.name: &apos;Windows 7&apos;, os.arch: &apos;x86&apos;, os.version: &apos;6.1&apos;, java.version: &apos;1.7.0_51&apos;
Driver info: driver.version: unknown
	at &lt;anonymous class&gt;.fxdriver.preconditions.visible(file:///C:/Users/THOR~1.INS/AppData/Local/Temp/anonymous4176745190611230010webdriver-profile/extensions/fxdriver@googlecode.com/components/command_processor.js:8225)
	at &lt;anonymous class&gt;.DelayedCommand.prototype.checkPreconditions_(file:///C:/Users/THOR~1.INS/AppData/Local/Temp/anonymous4176745190611230010webdriver-profile/extensions/fxdriver@googlecode.com/components/command_processor.js:10867)
	at &lt;anonymous class&gt;.DelayedCommand.prototype.executeInternal_/h(file:///C:/Users/THOR~1.INS/AppData/Local/Temp/anonymous4176745190611230010webdriver-profile/extensions/fxdriver@googlecode.com/components/command_processor.js:10884)
	at &lt;anonymous class&gt;.DelayedCommand.prototype.executeInternal_(file:///C:/Users/THOR~1.INS/AppData/Local/Temp/anonymous4176745190611230010webdriver-profile/extensions/fxdriver@googlecode.com/components/command_processor.js:10889)
	at &lt;anonymous class&gt;.DelayedCommand.prototype.execute/&lt;(file:///C:/Users/THOR~1.INS/AppData/Local/Temp/anonymous4176745190611230010webdriver-profile/extensions/fxdriver@googlecode.com/components/command_processor.js:10831)

</div> <!-- stack-trace -->
                </div> <!-- method-content -->
              </div> <!-- method -->
              <div class="method">
                <div class="method-content">
                  <a name="saveTaskNoSelect">
                  </a> <!-- saveTaskNoSelect -->
                  <span class="method-name">saveTaskNoSelect</span>
                  <div class="stack-trace">org.openqa.selenium.ElementNotVisibleException: Element is not currently visible and so may not be interacted with
Command duration or timeout: 12 milliseconds
Build info: version: &apos;2.41.0&apos;, revision: &apos;3192d8a6c4449dc285928ba024779344f5423c58&apos;, time: &apos;2014-03-27 11:29:39&apos;
System info: host: &apos;msp07&apos;, ip: &apos;141.19.145.167&apos;, os.name: &apos;Windows 7&apos;, os.arch: &apos;x86&apos;, os.version: &apos;6.1&apos;, java.version: &apos;1.7.0_51&apos;
Session ID: 42799348-ad9d-4105-8384-636095c4c7f5
Driver info: org.openqa.selenium.firefox.FirefoxDriver
Capabilities [{platform=XP, acceptSslCerts=true, javascriptEnabled=true, cssSelectorsEnabled=true, databaseEnabled=true, browserName=firefox, handlesAlerts=true, browserConnectionEnabled=true, webStorageEnabled=true, nativeEvents=false, rotatable=false, locationContextEnabled=true, applicationCacheEnabled=true, takesScreenshot=true, version=29.0.1}]
	at sun.reflect.NativeConstructorAccessorImpl.newInstance0(Native Method)
	at sun.reflect.NativeConstructorAccessorImpl.newInstance(NativeConstructorAccessorImpl.java:57)
	at sun.reflect.DelegatingConstructorAccessorImpl.newInstance(DelegatingConstructorAccessorImpl.java:45)
	at java.lang.reflect.Constructor.newInstance(Constructor.java:526)
	at org.openqa.selenium.remote.ErrorHandler.createThrowable(ErrorHandler.java:193)
	at org.openqa.selenium.remote.ErrorHandler.throwIfResponseFailed(ErrorHandler.java:145)
	at org.openqa.selenium.remote.RemoteWebDriver.execute(RemoteWebDriver.java:595)
	at org.openqa.selenium.remote.RemoteWebElement.execute(RemoteWebElement.java:268)
	at org.openqa.selenium.remote.RemoteWebElement.sendKeys(RemoteWebElement.java:89)
	at de.sep.innovativeoperation.taskscheduler.test.selenium.webDriver.WebDriver_createTaskIT.saveTaskNoSelect(WebDriver_createTaskIT.java:187)
	at sun.reflect.NativeMethodAccessorImpl.invoke0(Native Method)
	at sun.reflect.NativeMethodAccessorImpl.invoke(NativeMethodAccessorImpl.java:57)
	at sun.reflect.DelegatingMethodAccessorImpl.invoke(DelegatingMethodAccessorImpl.java:43)
	at java.lang.reflect.Method.invoke(Method.java:606)
	at org.testng.internal.MethodInvocationHelper.invokeMethod(MethodInvocationHelper.java:84)
	at org.testng.internal.Invoker.invokeMethod(Invoker.java:714)
	at org.testng.internal.Invoker.invokeTestMethod(Invoker.java:901)
	at org.testng.internal.Invoker.invokeTestMethods(Invoker.java:1231)
	at org.testng.internal.TestMethodWorker.invokeTestMethods(TestMethodWorker.java:127)
	at org.testng.internal.TestMethodWorker.run(TestMethodWorker.java:111)
	at org.testng.TestRunner.privateRun(TestRunner.java:767)
	at org.testng.TestRunner.run(TestRunner.java:617)
	at org.testng.SuiteRunner.runTest(SuiteRunner.java:334)
	at org.testng.SuiteRunner.runSequentially(SuiteRunner.java:329)
	at org.testng.SuiteRunner.privateRun(SuiteRunner.java:291)
	at org.testng.SuiteRunner.run(SuiteRunner.java:240)
	at org.testng.SuiteRunnerWorker.runSuite(SuiteRunnerWorker.java:52)
	at org.testng.SuiteRunnerWorker.run(SuiteRunnerWorker.java:86)
	at org.testng.TestNG.runSuitesSequentially(TestNG.java:1224)
	at org.testng.TestNG.runSuitesLocally(TestNG.java:1149)
	at org.testng.TestNG.run(TestNG.java:1057)
	at org.testng.remote.RemoteTestNG.run(RemoteTestNG.java:111)
	at org.testng.remote.RemoteTestNG.initAndRun(RemoteTestNG.java:204)
	at org.testng.remote.RemoteTestNG.main(RemoteTestNG.java:175)
Caused by: org.openqa.selenium.remote.ErrorHandler$UnknownServerException: Element is not currently visible and so may not be interacted with
Build info: version: &apos;2.41.0&apos;, revision: &apos;3192d8a6c4449dc285928ba024779344f5423c58&apos;, time: &apos;2014-03-27 11:29:39&apos;
System info: host: &apos;msp07&apos;, ip: &apos;141.19.145.167&apos;, os.name: &apos;Windows 7&apos;, os.arch: &apos;x86&apos;, os.version: &apos;6.1&apos;, java.version: &apos;1.7.0_51&apos;
Driver info: driver.version: unknown
	at &lt;anonymous class&gt;.fxdriver.preconditions.visible(file:///C:/Users/THOR~1.INS/AppData/Local/Temp/anonymous153853590704138879webdriver-profile/extensions/fxdriver@googlecode.com/components/command_processor.js:8225)
	at &lt;anonymous class&gt;.DelayedCommand.prototype.checkPreconditions_(file:///C:/Users/THOR~1.INS/AppData/Local/Temp/anonymous153853590704138879webdriver-profile/extensions/fxdriver@googlecode.com/components/command_processor.js:10867)
	at &lt;anonymous class&gt;.DelayedCommand.prototype.executeInternal_/h(file:///C:/Users/THOR~1.INS/AppData/Local/Temp/anonymous153853590704138879webdriver-profile/extensions/fxdriver@googlecode.com/components/command_processor.js:10884)
	at &lt;anonymous class&gt;.DelayedCommand.prototype.executeInternal_(file:///C:/Users/THOR~1.INS/AppData/Local/Temp/anonymous153853590704138879webdriver-profile/extensions/fxdriver@googlecode.com/components/command_processor.js:10889)
	at &lt;anonymous class&gt;.DelayedCommand.prototype.execute/&lt;(file:///C:/Users/THOR~1.INS/AppData/Local/Temp/anonymous153853590704138879webdriver-profile/extensions/fxdriver@googlecode.com/components/command_processor.js:10831)

</div> <!-- stack-trace -->
                </div> <!-- method-content -->
              </div> <!-- method -->
              <div class="method">
                <div class="method-content">
                  <a name="saveTimeTaskNoDescription">
                  </a> <!-- saveTimeTaskNoDescription -->
                  <span class="method-name">saveTimeTaskNoDescription</span>
                  <div class="stack-trace">org.openqa.selenium.ElementNotVisibleException: Element is not currently visible and so may not be interacted with
Command duration or timeout: 10 milliseconds
Build info: version: &apos;2.41.0&apos;, revision: &apos;3192d8a6c4449dc285928ba024779344f5423c58&apos;, time: &apos;2014-03-27 11:29:39&apos;
System info: host: &apos;msp07&apos;, ip: &apos;141.19.145.167&apos;, os.name: &apos;Windows 7&apos;, os.arch: &apos;x86&apos;, os.version: &apos;6.1&apos;, java.version: &apos;1.7.0_51&apos;
Session ID: 8960fbe4-6061-446b-bb18-a534815d8c02
Driver info: org.openqa.selenium.firefox.FirefoxDriver
Capabilities [{platform=XP, acceptSslCerts=true, javascriptEnabled=true, cssSelectorsEnabled=true, databaseEnabled=true, browserName=firefox, handlesAlerts=true, browserConnectionEnabled=true, webStorageEnabled=true, nativeEvents=false, rotatable=false, locationContextEnabled=true, applicationCacheEnabled=true, takesScreenshot=true, version=29.0.1}]
	at sun.reflect.NativeConstructorAccessorImpl.newInstance0(Native Method)
	at sun.reflect.NativeConstructorAccessorImpl.newInstance(NativeConstructorAccessorImpl.java:57)
	at sun.reflect.DelegatingConstructorAccessorImpl.newInstance(DelegatingConstructorAccessorImpl.java:45)
	at java.lang.reflect.Constructor.newInstance(Constructor.java:526)
	at org.openqa.selenium.remote.ErrorHandler.createThrowable(ErrorHandler.java:193)
	at org.openqa.selenium.remote.ErrorHandler.throwIfResponseFailed(ErrorHandler.java:145)
	at org.openqa.selenium.remote.RemoteWebDriver.execute(RemoteWebDriver.java:595)
	at org.openqa.selenium.remote.RemoteWebElement.execute(RemoteWebElement.java:268)
	at org.openqa.selenium.remote.RemoteWebElement.sendKeys(RemoteWebElement.java:89)
	at de.sep.innovativeoperation.taskscheduler.test.selenium.webDriver.WebDriver_createTaskIT.saveTimeTaskNoDescription(WebDriver_createTaskIT.java:91)
	at sun.reflect.NativeMethodAccessorImpl.invoke0(Native Method)
	at sun.reflect.NativeMethodAccessorImpl.invoke(NativeMethodAccessorImpl.java:57)
	at sun.reflect.DelegatingMethodAccessorImpl.invoke(DelegatingMethodAccessorImpl.java:43)
	at java.lang.reflect.Method.invoke(Method.java:606)
	at org.testng.internal.MethodInvocationHelper.invokeMethod(MethodInvocationHelper.java:84)
	at org.testng.internal.Invoker.invokeMethod(Invoker.java:714)
	at org.testng.internal.Invoker.invokeTestMethod(Invoker.java:901)
	at org.testng.internal.Invoker.invokeTestMethods(Invoker.java:1231)
	at org.testng.internal.TestMethodWorker.invokeTestMethods(TestMethodWorker.java:127)
	at org.testng.internal.TestMethodWorker.run(TestMethodWorker.java:111)
	at org.testng.TestRunner.privateRun(TestRunner.java:767)
	at org.testng.TestRunner.run(TestRunner.java:617)
	at org.testng.SuiteRunner.runTest(SuiteRunner.java:334)
	at org.testng.SuiteRunner.runSequentially(SuiteRunner.java:329)
	at org.testng.SuiteRunner.privateRun(SuiteRunner.java:291)
	at org.testng.SuiteRunner.run(SuiteRunner.java:240)
	at org.testng.SuiteRunnerWorker.runSuite(SuiteRunnerWorker.java:52)
	at org.testng.SuiteRunnerWorker.run(SuiteRunnerWorker.java:86)
	at org.testng.TestNG.runSuitesSequentially(TestNG.java:1224)
	at org.testng.TestNG.runSuitesLocally(TestNG.java:1149)
	at org.testng.TestNG.run(TestNG.java:1057)
	at org.testng.remote.RemoteTestNG.run(RemoteTestNG.java:111)
	at org.testng.remote.RemoteTestNG.initAndRun(RemoteTestNG.java:204)
	at org.testng.remote.RemoteTestNG.main(RemoteTestNG.java:175)
Caused by: org.openqa.selenium.remote.ErrorHandler$UnknownServerException: Element is not currently visible and so may not be interacted with
Build info: version: &apos;2.41.0&apos;, revision: &apos;3192d8a6c4449dc285928ba024779344f5423c58&apos;, time: &apos;2014-03-27 11:29:39&apos;
System info: host: &apos;msp07&apos;, ip: &apos;141.19.145.167&apos;, os.name: &apos;Windows 7&apos;, os.arch: &apos;x86&apos;, os.version: &apos;6.1&apos;, java.version: &apos;1.7.0_51&apos;
Driver info: driver.version: unknown
	at &lt;anonymous class&gt;.fxdriver.preconditions.visible(file:///C:/Users/THOR~1.INS/AppData/Local/Temp/anonymous5850245622438022183webdriver-profile/extensions/fxdriver@googlecode.com/components/command_processor.js:8225)
	at &lt;anonymous class&gt;.DelayedCommand.prototype.checkPreconditions_(file:///C:/Users/THOR~1.INS/AppData/Local/Temp/anonymous5850245622438022183webdriver-profile/extensions/fxdriver@googlecode.com/components/command_processor.js:10867)
	at &lt;anonymous class&gt;.DelayedCommand.prototype.executeInternal_/h(file:///C:/Users/THOR~1.INS/AppData/Local/Temp/anonymous5850245622438022183webdriver-profile/extensions/fxdriver@googlecode.com/components/command_processor.js:10884)
	at &lt;anonymous class&gt;.DelayedCommand.prototype.executeInternal_(file:///C:/Users/THOR~1.INS/AppData/Local/Temp/anonymous5850245622438022183webdriver-profile/extensions/fxdriver@googlecode.com/components/command_processor.js:10889)
	at &lt;anonymous class&gt;.DelayedCommand.prototype.execute/&lt;(file:///C:/Users/THOR~1.INS/AppData/Local/Temp/anonymous5850245622438022183webdriver-profile/extensions/fxdriver@googlecode.com/components/command_processor.js:10831)

</div> <!-- stack-trace -->
                </div> <!-- method-content -->
              </div> <!-- method -->
              <div class="method">
                <div class="method-content">
                  <a name="saveTimeTaskNoName">
                  </a> <!-- saveTimeTaskNoName -->
                  <span class="method-name">saveTimeTaskNoName</span>
                  <div class="stack-trace">org.openqa.selenium.ElementNotVisibleException: Element is not currently visible and so may not be interacted with
Command duration or timeout: 21 milliseconds
Build info: version: &apos;2.41.0&apos;, revision: &apos;3192d8a6c4449dc285928ba024779344f5423c58&apos;, time: &apos;2014-03-27 11:29:39&apos;
System info: host: &apos;msp07&apos;, ip: &apos;141.19.145.167&apos;, os.name: &apos;Windows 7&apos;, os.arch: &apos;x86&apos;, os.version: &apos;6.1&apos;, java.version: &apos;1.7.0_51&apos;
Session ID: e98dc865-ac7e-4514-b5af-bb3290977536
Driver info: org.openqa.selenium.firefox.FirefoxDriver
Capabilities [{platform=XP, acceptSslCerts=true, javascriptEnabled=true, cssSelectorsEnabled=true, databaseEnabled=true, browserName=firefox, handlesAlerts=true, browserConnectionEnabled=true, webStorageEnabled=true, nativeEvents=false, rotatable=false, locationContextEnabled=true, applicationCacheEnabled=true, takesScreenshot=true, version=29.0.1}]
	at sun.reflect.NativeConstructorAccessorImpl.newInstance0(Native Method)
	at sun.reflect.NativeConstructorAccessorImpl.newInstance(NativeConstructorAccessorImpl.java:57)
	at sun.reflect.DelegatingConstructorAccessorImpl.newInstance(DelegatingConstructorAccessorImpl.java:45)
	at java.lang.reflect.Constructor.newInstance(Constructor.java:526)
	at org.openqa.selenium.remote.ErrorHandler.createThrowable(ErrorHandler.java:193)
	at org.openqa.selenium.remote.ErrorHandler.throwIfResponseFailed(ErrorHandler.java:145)
	at org.openqa.selenium.remote.RemoteWebDriver.execute(RemoteWebDriver.java:595)
	at org.openqa.selenium.remote.RemoteWebElement.execute(RemoteWebElement.java:268)
	at org.openqa.selenium.remote.RemoteWebElement.click(RemoteWebElement.java:79)
	at de.sep.innovativeoperation.taskscheduler.test.selenium.webDriver.WebDriver_createTaskIT.saveTimeTaskNoName(WebDriver_createTaskIT.java:74)
	at sun.reflect.NativeMethodAccessorImpl.invoke0(Native Method)
	at sun.reflect.NativeMethodAccessorImpl.invoke(NativeMethodAccessorImpl.java:57)
	at sun.reflect.DelegatingMethodAccessorImpl.invoke(DelegatingMethodAccessorImpl.java:43)
	at java.lang.reflect.Method.invoke(Method.java:606)
	at org.testng.internal.MethodInvocationHelper.invokeMethod(MethodInvocationHelper.java:84)
	at org.testng.internal.Invoker.invokeMethod(Invoker.java:714)
	at org.testng.internal.Invoker.invokeTestMethod(Invoker.java:901)
	at org.testng.internal.Invoker.invokeTestMethods(Invoker.java:1231)
	at org.testng.internal.TestMethodWorker.invokeTestMethods(TestMethodWorker.java:127)
	at org.testng.internal.TestMethodWorker.run(TestMethodWorker.java:111)
	at org.testng.TestRunner.privateRun(TestRunner.java:767)
	at org.testng.TestRunner.run(TestRunner.java:617)
	at org.testng.SuiteRunner.runTest(SuiteRunner.java:334)
	at org.testng.SuiteRunner.runSequentially(SuiteRunner.java:329)
	at org.testng.SuiteRunner.privateRun(SuiteRunner.java:291)
	at org.testng.SuiteRunner.run(SuiteRunner.java:240)
	at org.testng.SuiteRunnerWorker.runSuite(SuiteRunnerWorker.java:52)
	at org.testng.SuiteRunnerWorker.run(SuiteRunnerWorker.java:86)
	at org.testng.TestNG.runSuitesSequentially(TestNG.java:1224)
	at org.testng.TestNG.runSuitesLocally(TestNG.java:1149)
	at org.testng.TestNG.run(TestNG.java:1057)
	at org.testng.remote.RemoteTestNG.run(RemoteTestNG.java:111)
	at org.testng.remote.RemoteTestNG.initAndRun(RemoteTestNG.java:204)
	at org.testng.remote.RemoteTestNG.main(RemoteTestNG.java:175)
Caused by: org.openqa.selenium.remote.ErrorHandler$UnknownServerException: Element is not currently visible and so may not be interacted with
Build info: version: &apos;2.41.0&apos;, revision: &apos;3192d8a6c4449dc285928ba024779344f5423c58&apos;, time: &apos;2014-03-27 11:29:39&apos;
System info: host: &apos;msp07&apos;, ip: &apos;141.19.145.167&apos;, os.name: &apos;Windows 7&apos;, os.arch: &apos;x86&apos;, os.version: &apos;6.1&apos;, java.version: &apos;1.7.0_51&apos;
Driver info: driver.version: unknown
	at &lt;anonymous class&gt;.fxdriver.preconditions.visible(file:///C:/Users/THOR~1.INS/AppData/Local/Temp/anonymous8733578926162575739webdriver-profile/extensions/fxdriver@googlecode.com/components/command_processor.js:8225)
	at &lt;anonymous class&gt;.DelayedCommand.prototype.checkPreconditions_(file:///C:/Users/THOR~1.INS/AppData/Local/Temp/anonymous8733578926162575739webdriver-profile/extensions/fxdriver@googlecode.com/components/command_processor.js:10867)
	at &lt;anonymous class&gt;.DelayedCommand.prototype.executeInternal_/h(file:///C:/Users/THOR~1.INS/AppData/Local/Temp/anonymous8733578926162575739webdriver-profile/extensions/fxdriver@googlecode.com/components/command_processor.js:10884)
	at &lt;anonymous class&gt;.DelayedCommand.prototype.executeInternal_(file:///C:/Users/THOR~1.INS/AppData/Local/Temp/anonymous8733578926162575739webdriver-profile/extensions/fxdriver@googlecode.com/components/command_processor.js:10889)
	at &lt;anonymous class&gt;.DelayedCommand.prototype.execute/&lt;(file:///C:/Users/THOR~1.INS/AppData/Local/Temp/anonymous8733578926162575739webdriver-profile/extensions/fxdriver@googlecode.com/components/command_processor.js:10831)

</div> <!-- stack-trace -->
                </div> <!-- method-content -->
              </div> <!-- method -->
              <div class="method">
                <div class="method-content">
                  <a name="saveTimeTaskNoTime">
                  </a> <!-- saveTimeTaskNoTime -->
                  <span class="method-name">saveTimeTaskNoTime</span>
                  <div class="stack-trace">org.openqa.selenium.ElementNotVisibleException: Element is not currently visible and so may not be interacted with
Command duration or timeout: 13 milliseconds
Build info: version: &apos;2.41.0&apos;, revision: &apos;3192d8a6c4449dc285928ba024779344f5423c58&apos;, time: &apos;2014-03-27 11:29:39&apos;
System info: host: &apos;msp07&apos;, ip: &apos;141.19.145.167&apos;, os.name: &apos;Windows 7&apos;, os.arch: &apos;x86&apos;, os.version: &apos;6.1&apos;, java.version: &apos;1.7.0_51&apos;
Session ID: d96e0694-ad20-470e-bf45-969586cc465e
Driver info: org.openqa.selenium.firefox.FirefoxDriver
Capabilities [{platform=XP, acceptSslCerts=true, javascriptEnabled=true, cssSelectorsEnabled=true, databaseEnabled=true, browserName=firefox, handlesAlerts=true, browserConnectionEnabled=true, webStorageEnabled=true, nativeEvents=false, rotatable=false, locationContextEnabled=true, applicationCacheEnabled=true, takesScreenshot=true, version=29.0.1}]
	at sun.reflect.NativeConstructorAccessorImpl.newInstance0(Native Method)
	at sun.reflect.NativeConstructorAccessorImpl.newInstance(NativeConstructorAccessorImpl.java:57)
	at sun.reflect.DelegatingConstructorAccessorImpl.newInstance(DelegatingConstructorAccessorImpl.java:45)
	at java.lang.reflect.Constructor.newInstance(Constructor.java:526)
	at org.openqa.selenium.remote.ErrorHandler.createThrowable(ErrorHandler.java:193)
	at org.openqa.selenium.remote.ErrorHandler.throwIfResponseFailed(ErrorHandler.java:145)
	at org.openqa.selenium.remote.RemoteWebDriver.execute(RemoteWebDriver.java:595)
	at org.openqa.selenium.remote.RemoteWebElement.execute(RemoteWebElement.java:268)
	at org.openqa.selenium.remote.RemoteWebElement.sendKeys(RemoteWebElement.java:89)
	at de.sep.innovativeoperation.taskscheduler.test.selenium.webDriver.WebDriver_createTaskIT.saveTimeTaskNoTime(WebDriver_createTaskIT.java:110)
	at sun.reflect.NativeMethodAccessorImpl.invoke0(Native Method)
	at sun.reflect.NativeMethodAccessorImpl.invoke(NativeMethodAccessorImpl.java:57)
	at sun.reflect.DelegatingMethodAccessorImpl.invoke(DelegatingMethodAccessorImpl.java:43)
	at java.lang.reflect.Method.invoke(Method.java:606)
	at org.testng.internal.MethodInvocationHelper.invokeMethod(MethodInvocationHelper.java:84)
	at org.testng.internal.Invoker.invokeMethod(Invoker.java:714)
	at org.testng.internal.Invoker.invokeTestMethod(Invoker.java:901)
	at org.testng.internal.Invoker.invokeTestMethods(Invoker.java:1231)
	at org.testng.internal.TestMethodWorker.invokeTestMethods(TestMethodWorker.java:127)
	at org.testng.internal.TestMethodWorker.run(TestMethodWorker.java:111)
	at org.testng.TestRunner.privateRun(TestRunner.java:767)
	at org.testng.TestRunner.run(TestRunner.java:617)
	at org.testng.SuiteRunner.runTest(SuiteRunner.java:334)
	at org.testng.SuiteRunner.runSequentially(SuiteRunner.java:329)
	at org.testng.SuiteRunner.privateRun(SuiteRunner.java:291)
	at org.testng.SuiteRunner.run(SuiteRunner.java:240)
	at org.testng.SuiteRunnerWorker.runSuite(SuiteRunnerWorker.java:52)
	at org.testng.SuiteRunnerWorker.run(SuiteRunnerWorker.java:86)
	at org.testng.TestNG.runSuitesSequentially(TestNG.java:1224)
	at org.testng.TestNG.runSuitesLocally(TestNG.java:1149)
	at org.testng.TestNG.run(TestNG.java:1057)
	at org.testng.remote.RemoteTestNG.run(RemoteTestNG.java:111)
	at org.testng.remote.RemoteTestNG.initAndRun(RemoteTestNG.java:204)
	at org.testng.remote.RemoteTestNG.main(RemoteTestNG.java:175)
Caused by: org.openqa.selenium.remote.ErrorHandler$UnknownServerException: Element is not currently visible and so may not be interacted with
Build info: version: &apos;2.41.0&apos;, revision: &apos;3192d8a6c4449dc285928ba024779344f5423c58&apos;, time: &apos;2014-03-27 11:29:39&apos;
System info: host: &apos;msp07&apos;, ip: &apos;141.19.145.167&apos;, os.name: &apos;Windows 7&apos;, os.arch: &apos;x86&apos;, os.version: &apos;6.1&apos;, java.version: &apos;1.7.0_51&apos;
Driver info: driver.version: unknown
	at &lt;anonymous class&gt;.fxdriver.preconditions.visible(file:///C:/Users/THOR~1.INS/AppData/Local/Temp/anonymous9079192319268560432webdriver-profile/extensions/fxdriver@googlecode.com/components/command_processor.js:8225)
	at &lt;anonymous class&gt;.DelayedCommand.prototype.checkPreconditions_(file:///C:/Users/THOR~1.INS/AppData/Local/Temp/anonymous9079192319268560432webdriver-profile/extensions/fxdriver@googlecode.com/components/command_processor.js:10867)
	at &lt;anonymous class&gt;.DelayedCommand.prototype.executeInternal_/h(file:///C:/Users/THOR~1.INS/AppData/Local/Temp/anonymous9079192319268560432webdriver-profile/extensions/fxdriver@googlecode.com/components/command_processor.js:10884)
	at &lt;anonymous class&gt;.DelayedCommand.prototype.executeInternal_(file:///C:/Users/THOR~1.INS/AppData/Local/Temp/anonymous9079192319268560432webdriver-profile/extensions/fxdriver@googlecode.com/components/command_processor.js:10889)
	at &lt;anonymous class&gt;.DelayedCommand.prototype.execute/&lt;(file:///C:/Users/THOR~1.INS/AppData/Local/Temp/anonymous9079192319268560432webdriver-profile/extensions/fxdriver@googlecode.com/components/command_processor.js:10831)

</div> <!-- stack-trace -->
                </div> <!-- method-content -->
              </div> <!-- method -->
              <div class="method">
                <div class="method-content">
                  <a name="saveTimeTaskNothing">
                  </a> <!-- saveTimeTaskNothing -->
                  <span class="method-name">saveTimeTaskNothing</span>
                  <div class="stack-trace">org.openqa.selenium.NoSuchElementException: Unable to locate element: {&quot;method&quot;:&quot;id&quot;,&quot;selector&quot;:&quot;&quot;}
Command duration or timeout: 13 milliseconds
For documentation on this error, please visit: http://seleniumhq.org/exceptions/no_such_element.html
Build info: version: &apos;2.41.0&apos;, revision: &apos;3192d8a6c4449dc285928ba024779344f5423c58&apos;, time: &apos;2014-03-27 11:29:39&apos;
System info: host: &apos;msp07&apos;, ip: &apos;141.19.145.167&apos;, os.name: &apos;Windows 7&apos;, os.arch: &apos;x86&apos;, os.version: &apos;6.1&apos;, java.version: &apos;1.7.0_51&apos;
Session ID: 07c58e9b-5342-4451-ba5d-08e726e1c298
Driver info: org.openqa.selenium.firefox.FirefoxDriver
Capabilities [{platform=XP, acceptSslCerts=true, javascriptEnabled=true, cssSelectorsEnabled=true, databaseEnabled=true, browserName=firefox, handlesAlerts=true, browserConnectionEnabled=true, webStorageEnabled=true, nativeEvents=false, rotatable=false, locationContextEnabled=true, applicationCacheEnabled=true, takesScreenshot=true, version=29.0.1}]
	at sun.reflect.NativeConstructorAccessorImpl.newInstance0(Native Method)
	at sun.reflect.NativeConstructorAccessorImpl.newInstance(NativeConstructorAccessorImpl.java:57)
	at sun.reflect.DelegatingConstructorAccessorImpl.newInstance(DelegatingConstructorAccessorImpl.java:45)
	at java.lang.reflect.Constructor.newInstance(Constructor.java:526)
	at org.openqa.selenium.remote.ErrorHandler.createThrowable(ErrorHandler.java:193)
	at org.openqa.selenium.remote.ErrorHandler.throwIfResponseFailed(ErrorHandler.java:145)
	at org.openqa.selenium.remote.RemoteWebDriver.execute(RemoteWebDriver.java:595)
	at org.openqa.selenium.remote.RemoteWebDriver.findElement(RemoteWebDriver.java:348)
	at org.openqa.selenium.remote.RemoteWebDriver.findElementById(RemoteWebDriver.java:389)
	at org.openqa.selenium.By$ById.findElement(By.java:214)
	at org.openqa.selenium.remote.RemoteWebDriver.findElement(RemoteWebDriver.java:340)
	at de.sep.innovativeoperation.taskscheduler.test.selenium.webDriver.WebDriver_createTaskIT.saveTimeTaskNothing(WebDriver_createTaskIT.java:63)
	at sun.reflect.NativeMethodAccessorImpl.invoke0(Native Method)
	at sun.reflect.NativeMethodAccessorImpl.invoke(NativeMethodAccessorImpl.java:57)
	at sun.reflect.DelegatingMethodAccessorImpl.invoke(DelegatingMethodAccessorImpl.java:43)
	at java.lang.reflect.Method.invoke(Method.java:606)
	at org.testng.internal.MethodInvocationHelper.invokeMethod(MethodInvocationHelper.java:84)
	at org.testng.internal.Invoker.invokeMethod(Invoker.java:714)
	at org.testng.internal.Invoker.invokeTestMethod(Invoker.java:901)
	at org.testng.internal.Invoker.invokeTestMethods(Invoker.java:1231)
	at org.testng.internal.TestMethodWorker.invokeTestMethods(TestMethodWorker.java:127)
	at org.testng.internal.TestMethodWorker.run(TestMethodWorker.java:111)
	at org.testng.TestRunner.privateRun(TestRunner.java:767)
	at org.testng.TestRunner.run(TestRunner.java:617)
	at org.testng.SuiteRunner.runTest(SuiteRunner.java:334)
	at org.testng.SuiteRunner.runSequentially(SuiteRunner.java:329)
	at org.testng.SuiteRunner.privateRun(SuiteRunner.java:291)
	at org.testng.SuiteRunner.run(SuiteRunner.java:240)
	at org.testng.SuiteRunnerWorker.runSuite(SuiteRunnerWorker.java:52)
	at org.testng.SuiteRunnerWorker.run(SuiteRunnerWorker.java:86)
	at org.testng.TestNG.runSuitesSequentially(TestNG.java:1224)
	at org.testng.TestNG.runSuitesLocally(TestNG.java:1149)
	at org.testng.TestNG.run(TestNG.java:1057)
	at org.testng.remote.RemoteTestNG.run(RemoteTestNG.java:111)
	at org.testng.remote.RemoteTestNG.initAndRun(RemoteTestNG.java:204)
	at org.testng.remote.RemoteTestNG.main(RemoteTestNG.java:175)
Caused by: org.openqa.selenium.remote.ErrorHandler$UnknownServerException: Unable to locate element: {&quot;method&quot;:&quot;id&quot;,&quot;selector&quot;:&quot;&quot;}
Build info: version: &apos;2.41.0&apos;, revision: &apos;3192d8a6c4449dc285928ba024779344f5423c58&apos;, time: &apos;2014-03-27 11:29:39&apos;
System info: host: &apos;msp07&apos;, ip: &apos;141.19.145.167&apos;, os.name: &apos;Windows 7&apos;, os.arch: &apos;x86&apos;, os.version: &apos;6.1&apos;, java.version: &apos;1.7.0_51&apos;
Driver info: driver.version: unknown
	at &lt;anonymous class&gt;.FirefoxDriver.prototype.findElementInternal_(file:///C:/Users/THOR~1.INS/AppData/Local/Temp/anonymous6046785159878365373webdriver-profile/extensions/fxdriver@googlecode.com/components/driver_component.js:8905)
	at &lt;anonymous class&gt;.FirefoxDriver.prototype.findElement(file:///C:/Users/THOR~1.INS/AppData/Local/Temp/anonymous6046785159878365373webdriver-profile/extensions/fxdriver@googlecode.com/components/driver_component.js:8914)
	at &lt;anonymous class&gt;.DelayedCommand.prototype.executeInternal_/h(file:///C:/Users/THOR~1.INS/AppData/Local/Temp/anonymous6046785159878365373webdriver-profile/extensions/fxdriver@googlecode.com/components/command_processor.js:10884)
	at &lt;anonymous class&gt;.DelayedCommand.prototype.executeInternal_(file:///C:/Users/THOR~1.INS/AppData/Local/Temp/anonymous6046785159878365373webdriver-profile/extensions/fxdriver@googlecode.com/components/command_processor.js:10889)
	at &lt;anonymous class&gt;.DelayedCommand.prototype.execute/&lt;(file:///C:/Users/THOR~1.INS/AppData/Local/Temp/anonymous6046785159878365373webdriver-profile/extensions/fxdriver@googlecode.com/components/command_processor.js:10831)

</div> <!-- stack-trace -->
                </div> <!-- method-content -->
              </div> <!-- method -->
              <div class="method">
                <div class="method-content">
                  <a name="saveTimeTaskValidWithLoop">
                  </a> <!-- saveTimeTaskValidWithLoop -->
                  <span class="method-name">saveTimeTaskValidWithLoop</span>
                  <div class="stack-trace">org.openqa.selenium.ElementNotVisibleException: Element is not currently visible and so may not be interacted with
Command duration or timeout: 13 milliseconds
Build info: version: &apos;2.41.0&apos;, revision: &apos;3192d8a6c4449dc285928ba024779344f5423c58&apos;, time: &apos;2014-03-27 11:29:39&apos;
System info: host: &apos;msp07&apos;, ip: &apos;141.19.145.167&apos;, os.name: &apos;Windows 7&apos;, os.arch: &apos;x86&apos;, os.version: &apos;6.1&apos;, java.version: &apos;1.7.0_51&apos;
Session ID: 1ab1ac95-cd92-45f5-8be2-371e11eb5e11
Driver info: org.openqa.selenium.firefox.FirefoxDriver
Capabilities [{platform=XP, acceptSslCerts=true, javascriptEnabled=true, cssSelectorsEnabled=true, databaseEnabled=true, browserName=firefox, handlesAlerts=true, browserConnectionEnabled=true, webStorageEnabled=true, nativeEvents=false, rotatable=false, locationContextEnabled=true, applicationCacheEnabled=true, takesScreenshot=true, version=29.0.1}]
	at sun.reflect.NativeConstructorAccessorImpl.newInstance0(Native Method)
	at sun.reflect.NativeConstructorAccessorImpl.newInstance(NativeConstructorAccessorImpl.java:57)
	at sun.reflect.DelegatingConstructorAccessorImpl.newInstance(DelegatingConstructorAccessorImpl.java:45)
	at java.lang.reflect.Constructor.newInstance(Constructor.java:526)
	at org.openqa.selenium.remote.ErrorHandler.createThrowable(ErrorHandler.java:193)
	at org.openqa.selenium.remote.ErrorHandler.throwIfResponseFailed(ErrorHandler.java:145)
	at org.openqa.selenium.remote.RemoteWebDriver.execute(RemoteWebDriver.java:595)
	at org.openqa.selenium.remote.RemoteWebElement.execute(RemoteWebElement.java:268)
	at org.openqa.selenium.remote.RemoteWebElement.sendKeys(RemoteWebElement.java:89)
	at de.sep.innovativeoperation.taskscheduler.test.selenium.webDriver.WebDriver_createTaskIT.saveTimeTaskValidWithLoop(WebDriver_createTaskIT.java:129)
	at sun.reflect.NativeMethodAccessorImpl.invoke0(Native Method)
	at sun.reflect.NativeMethodAccessorImpl.invoke(NativeMethodAccessorImpl.java:57)
	at sun.reflect.DelegatingMethodAccessorImpl.invoke(DelegatingMethodAccessorImpl.java:43)
	at java.lang.reflect.Method.invoke(Method.java:606)
	at org.testng.internal.MethodInvocationHelper.invokeMethod(MethodInvocationHelper.java:84)
	at org.testng.internal.Invoker.invokeMethod(Invoker.java:714)
	at org.testng.internal.Invoker.invokeTestMethod(Invoker.java:901)
	at org.testng.internal.Invoker.invokeTestMethods(Invoker.java:1231)
	at org.testng.internal.TestMethodWorker.invokeTestMethods(TestMethodWorker.java:127)
	at org.testng.internal.TestMethodWorker.run(TestMethodWorker.java:111)
	at org.testng.TestRunner.privateRun(TestRunner.java:767)
	at org.testng.TestRunner.run(TestRunner.java:617)
	at org.testng.SuiteRunner.runTest(SuiteRunner.java:334)
	at org.testng.SuiteRunner.runSequentially(SuiteRunner.java:329)
	at org.testng.SuiteRunner.privateRun(SuiteRunner.java:291)
	at org.testng.SuiteRunner.run(SuiteRunner.java:240)
	at org.testng.SuiteRunnerWorker.runSuite(SuiteRunnerWorker.java:52)
	at org.testng.SuiteRunnerWorker.run(SuiteRunnerWorker.java:86)
	at org.testng.TestNG.runSuitesSequentially(TestNG.java:1224)
	at org.testng.TestNG.runSuitesLocally(TestNG.java:1149)
	at org.testng.TestNG.run(TestNG.java:1057)
	at org.testng.remote.RemoteTestNG.run(RemoteTestNG.java:111)
	at org.testng.remote.RemoteTestNG.initAndRun(RemoteTestNG.java:204)
	at org.testng.remote.RemoteTestNG.main(RemoteTestNG.java:175)
Caused by: org.openqa.selenium.remote.ErrorHandler$UnknownServerException: Element is not currently visible and so may not be interacted with
Build info: version: &apos;2.41.0&apos;, revision: &apos;3192d8a6c4449dc285928ba024779344f5423c58&apos;, time: &apos;2014-03-27 11:29:39&apos;
System info: host: &apos;msp07&apos;, ip: &apos;141.19.145.167&apos;, os.name: &apos;Windows 7&apos;, os.arch: &apos;x86&apos;, os.version: &apos;6.1&apos;, java.version: &apos;1.7.0_51&apos;
Driver info: driver.version: unknown
	at &lt;anonymous class&gt;.fxdriver.preconditions.visible(file:///C:/Users/THOR~1.INS/AppData/Local/Temp/anonymous999603383661196459webdriver-profile/extensions/fxdriver@googlecode.com/components/command_processor.js:8225)
	at &lt;anonymous class&gt;.DelayedCommand.prototype.checkPreconditions_(file:///C:/Users/THOR~1.INS/AppData/Local/Temp/anonymous999603383661196459webdriver-profile/extensions/fxdriver@googlecode.com/components/command_processor.js:10867)
	at &lt;anonymous class&gt;.DelayedCommand.prototype.executeInternal_/h(file:///C:/Users/THOR~1.INS/AppData/Local/Temp/anonymous999603383661196459webdriver-profile/extensions/fxdriver@googlecode.com/components/command_processor.js:10884)
	at &lt;anonymous class&gt;.DelayedCommand.prototype.executeInternal_(file:///C:/Users/THOR~1.INS/AppData/Local/Temp/anonymous999603383661196459webdriver-profile/extensions/fxdriver@googlecode.com/components/command_processor.js:10889)
	at &lt;anonymous class&gt;.DelayedCommand.prototype.execute/&lt;(file:///C:/Users/THOR~1.INS/AppData/Local/Temp/anonymous999603383661196459webdriver-profile/extensions/fxdriver@googlecode.com/components/command_processor.js:10831)

</div> <!-- stack-trace -->
                </div> <!-- method-content -->
              </div> <!-- method -->
              <div class="method">
                <div class="method-content">
                  <a name="selectIssueBreak">
                  </a> <!-- selectIssueBreak -->
                  <span class="method-name">selectIssueBreak</span>
                  <div class="stack-trace">org.openqa.selenium.ElementNotVisibleException: Element is not currently visible and so may not be interacted with
Command duration or timeout: 9 milliseconds
Build info: version: &apos;2.41.0&apos;, revision: &apos;3192d8a6c4449dc285928ba024779344f5423c58&apos;, time: &apos;2014-03-27 11:29:39&apos;
System info: host: &apos;msp07&apos;, ip: &apos;141.19.145.167&apos;, os.name: &apos;Windows 7&apos;, os.arch: &apos;x86&apos;, os.version: &apos;6.1&apos;, java.version: &apos;1.7.0_51&apos;
Session ID: 8458dfc7-c704-4075-af06-52f9fde6fbe7
Driver info: org.openqa.selenium.firefox.FirefoxDriver
Capabilities [{platform=XP, acceptSslCerts=true, javascriptEnabled=true, cssSelectorsEnabled=true, databaseEnabled=true, browserName=firefox, handlesAlerts=true, browserConnectionEnabled=true, webStorageEnabled=true, nativeEvents=false, rotatable=false, locationContextEnabled=true, applicationCacheEnabled=true, takesScreenshot=true, version=29.0.1}]
	at sun.reflect.GeneratedConstructorAccessor19.newInstance(Unknown Source)
	at sun.reflect.DelegatingConstructorAccessorImpl.newInstance(DelegatingConstructorAccessorImpl.java:45)
	at java.lang.reflect.Constructor.newInstance(Constructor.java:526)
	at org.openqa.selenium.remote.ErrorHandler.createThrowable(ErrorHandler.java:193)
	at org.openqa.selenium.remote.ErrorHandler.throwIfResponseFailed(ErrorHandler.java:145)
	at org.openqa.selenium.remote.RemoteWebDriver.execute(RemoteWebDriver.java:595)
	at org.openqa.selenium.remote.RemoteWebElement.execute(RemoteWebElement.java:268)
	at org.openqa.selenium.remote.RemoteWebElement.click(RemoteWebElement.java:79)
	at de.sep.innovativeoperation.taskscheduler.test.selenium.webDriver.WebDriver_createTaskIT.selectIssueBreak(WebDriver_createTaskIT.java:47)
	at sun.reflect.NativeMethodAccessorImpl.invoke0(Native Method)
	at sun.reflect.NativeMethodAccessorImpl.invoke(NativeMethodAccessorImpl.java:57)
	at sun.reflect.DelegatingMethodAccessorImpl.invoke(DelegatingMethodAccessorImpl.java:43)
	at java.lang.reflect.Method.invoke(Method.java:606)
	at org.testng.internal.MethodInvocationHelper.invokeMethod(MethodInvocationHelper.java:84)
	at org.testng.internal.Invoker.invokeMethod(Invoker.java:714)
	at org.testng.internal.Invoker.invokeTestMethod(Invoker.java:901)
	at org.testng.internal.Invoker.invokeTestMethods(Invoker.java:1231)
	at org.testng.internal.TestMethodWorker.invokeTestMethods(TestMethodWorker.java:127)
	at org.testng.internal.TestMethodWorker.run(TestMethodWorker.java:111)
	at org.testng.TestRunner.privateRun(TestRunner.java:767)
	at org.testng.TestRunner.run(TestRunner.java:617)
	at org.testng.SuiteRunner.runTest(SuiteRunner.java:334)
	at org.testng.SuiteRunner.runSequentially(SuiteRunner.java:329)
	at org.testng.SuiteRunner.privateRun(SuiteRunner.java:291)
	at org.testng.SuiteRunner.run(SuiteRunner.java:240)
	at org.testng.SuiteRunnerWorker.runSuite(SuiteRunnerWorker.java:52)
	at org.testng.SuiteRunnerWorker.run(SuiteRunnerWorker.java:86)
	at org.testng.TestNG.runSuitesSequentially(TestNG.java:1224)
	at org.testng.TestNG.runSuitesLocally(TestNG.java:1149)
	at org.testng.TestNG.run(TestNG.java:1057)
	at org.testng.remote.RemoteTestNG.run(RemoteTestNG.java:111)
	at org.testng.remote.RemoteTestNG.initAndRun(RemoteTestNG.java:204)
	at org.testng.remote.RemoteTestNG.main(RemoteTestNG.java:175)
Caused by: org.openqa.selenium.remote.ErrorHandler$UnknownServerException: Element is not currently visible and so may not be interacted with
Build info: version: &apos;2.41.0&apos;, revision: &apos;3192d8a6c4449dc285928ba024779344f5423c58&apos;, time: &apos;2014-03-27 11:29:39&apos;
System info: host: &apos;msp07&apos;, ip: &apos;141.19.145.167&apos;, os.name: &apos;Windows 7&apos;, os.arch: &apos;x86&apos;, os.version: &apos;6.1&apos;, java.version: &apos;1.7.0_51&apos;
Driver info: driver.version: unknown
	at &lt;anonymous class&gt;.fxdriver.preconditions.visible(file:///C:/Users/THOR~1.INS/AppData/Local/Temp/anonymous1131599332998113944webdriver-profile/extensions/fxdriver@googlecode.com/components/command_processor.js:8225)
	at &lt;anonymous class&gt;.DelayedCommand.prototype.checkPreconditions_(file:///C:/Users/THOR~1.INS/AppData/Local/Temp/anonymous1131599332998113944webdriver-profile/extensions/fxdriver@googlecode.com/components/command_processor.js:10867)
	at &lt;anonymous class&gt;.DelayedCommand.prototype.executeInternal_/h(file:///C:/Users/THOR~1.INS/AppData/Local/Temp/anonymous1131599332998113944webdriver-profile/extensions/fxdriver@googlecode.com/components/command_processor.js:10884)
	at &lt;anonymous class&gt;.DelayedCommand.prototype.executeInternal_(file:///C:/Users/THOR~1.INS/AppData/Local/Temp/anonymous1131599332998113944webdriver-profile/extensions/fxdriver@googlecode.com/components/command_processor.js:10889)
	at &lt;anonymous class&gt;.DelayedCommand.prototype.execute/&lt;(file:///C:/Users/THOR~1.INS/AppData/Local/Temp/anonymous1131599332998113944webdriver-profile/extensions/fxdriver@googlecode.com/components/command_processor.js:10831)

</div> <!-- stack-trace -->
                </div> <!-- method-content -->
              </div> <!-- method -->
            </div> <!-- main-panel-content rounded-window-bottom -->
          </div> <!-- suite-Default_suite-class-failed -->
          <div class="suite-Default_suite-class-failed">
            <div class="main-panel-header rounded-window-top">
              <img src="failed.png"/>
              <span class="class-name">de.sep.innovativeoperation.taskscheduler.test.selenium.firefoxTest.Firefox_editTaskIT</span>
            </div> <!-- main-panel-header rounded-window-top -->
            <div class="main-panel-content rounded-window-bottom">
              <div class="method">
                <div class="method-content">
                  <a name="activeEventTask">
                  </a> <!-- activeEventTask -->
                  <span class="method-name">activeEventTask</span>
                  <div class="stack-trace">org.openqa.selenium.ElementNotVisibleException: Element is not currently visible and so may not be interacted with
Command duration or timeout: 10 milliseconds
Build info: version: &apos;2.41.0&apos;, revision: &apos;3192d8a6c4449dc285928ba024779344f5423c58&apos;, time: &apos;2014-03-27 11:29:39&apos;
System info: host: &apos;msp07&apos;, ip: &apos;141.19.145.167&apos;, os.name: &apos;Windows 7&apos;, os.arch: &apos;x86&apos;, os.version: &apos;6.1&apos;, java.version: &apos;1.7.0_51&apos;
Session ID: 89465c5b-6d28-4354-8342-c919e84676c3
Driver info: org.openqa.selenium.firefox.FirefoxDriver
Capabilities [{platform=XP, acceptSslCerts=true, javascriptEnabled=true, cssSelectorsEnabled=true, databaseEnabled=true, browserName=firefox, handlesAlerts=true, browserConnectionEnabled=true, webStorageEnabled=true, nativeEvents=false, rotatable=false, locationContextEnabled=true, applicationCacheEnabled=true, takesScreenshot=true, version=29.0.1}]
	at sun.reflect.NativeConstructorAccessorImpl.newInstance0(Native Method)
	at sun.reflect.NativeConstructorAccessorImpl.newInstance(NativeConstructorAccessorImpl.java:57)
	at sun.reflect.DelegatingConstructorAccessorImpl.newInstance(DelegatingConstructorAccessorImpl.java:45)
	at java.lang.reflect.Constructor.newInstance(Constructor.java:526)
	at org.openqa.selenium.remote.ErrorHandler.createThrowable(ErrorHandler.java:193)
	at org.openqa.selenium.remote.ErrorHandler.throwIfResponseFailed(ErrorHandler.java:145)
	at org.openqa.selenium.remote.RemoteWebDriver.execute(RemoteWebDriver.java:595)
	at org.openqa.selenium.remote.RemoteWebElement.execute(RemoteWebElement.java:268)
	at org.openqa.selenium.remote.RemoteWebElement.click(RemoteWebElement.java:79)
	at de.sep.innovativeoperation.taskscheduler.test.selenium.webDriver.WebDriver_editTaskIT.activeEventTask(WebDriver_editTaskIT.java:36)
	at sun.reflect.NativeMethodAccessorImpl.invoke0(Native Method)
	at sun.reflect.NativeMethodAccessorImpl.invoke(NativeMethodAccessorImpl.java:57)
	at sun.reflect.DelegatingMethodAccessorImpl.invoke(DelegatingMethodAccessorImpl.java:43)
	at java.lang.reflect.Method.invoke(Method.java:606)
	at org.testng.internal.MethodInvocationHelper.invokeMethod(MethodInvocationHelper.java:84)
	at org.testng.internal.Invoker.invokeMethod(Invoker.java:714)
	at org.testng.internal.Invoker.invokeTestMethod(Invoker.java:901)
	at org.testng.internal.Invoker.invokeTestMethods(Invoker.java:1231)
	at org.testng.internal.TestMethodWorker.invokeTestMethods(TestMethodWorker.java:127)
	at org.testng.internal.TestMethodWorker.run(TestMethodWorker.java:111)
	at org.testng.TestRunner.privateRun(TestRunner.java:767)
	at org.testng.TestRunner.run(TestRunner.java:617)
	at org.testng.SuiteRunner.runTest(SuiteRunner.java:334)
	at org.testng.SuiteRunner.runSequentially(SuiteRunner.java:329)
	at org.testng.SuiteRunner.privateRun(SuiteRunner.java:291)
	at org.testng.SuiteRunner.run(SuiteRunner.java:240)
	at org.testng.SuiteRunnerWorker.runSuite(SuiteRunnerWorker.java:52)
	at org.testng.SuiteRunnerWorker.run(SuiteRunnerWorker.java:86)
	at org.testng.TestNG.runSuitesSequentially(TestNG.java:1224)
	at org.testng.TestNG.runSuitesLocally(TestNG.java:1149)
	at org.testng.TestNG.run(TestNG.java:1057)
	at org.testng.remote.RemoteTestNG.run(RemoteTestNG.java:111)
	at org.testng.remote.RemoteTestNG.initAndRun(RemoteTestNG.java:204)
	at org.testng.remote.RemoteTestNG.main(RemoteTestNG.java:175)
Caused by: org.openqa.selenium.remote.ErrorHandler$UnknownServerException: Element is not currently visible and so may not be interacted with
Build info: version: &apos;2.41.0&apos;, revision: &apos;3192d8a6c4449dc285928ba024779344f5423c58&apos;, time: &apos;2014-03-27 11:29:39&apos;
System info: host: &apos;msp07&apos;, ip: &apos;141.19.145.167&apos;, os.name: &apos;Windows 7&apos;, os.arch: &apos;x86&apos;, os.version: &apos;6.1&apos;, java.version: &apos;1.7.0_51&apos;
Driver info: driver.version: unknown
	at &lt;anonymous class&gt;.fxdriver.preconditions.visible(file:///C:/Users/THOR~1.INS/AppData/Local/Temp/anonymous1572352266071179683webdriver-profile/extensions/fxdriver@googlecode.com/components/command_processor.js:8225)
	at &lt;anonymous class&gt;.DelayedCommand.prototype.checkPreconditions_(file:///C:/Users/THOR~1.INS/AppData/Local/Temp/anonymous1572352266071179683webdriver-profile/extensions/fxdriver@googlecode.com/components/command_processor.js:10867)
	at &lt;anonymous class&gt;.DelayedCommand.prototype.executeInternal_/h(file:///C:/Users/THOR~1.INS/AppData/Local/Temp/anonymous1572352266071179683webdriver-profile/extensions/fxdriver@googlecode.com/components/command_processor.js:10884)
	at &lt;anonymous class&gt;.DelayedCommand.prototype.executeInternal_(file:///C:/Users/THOR~1.INS/AppData/Local/Temp/anonymous1572352266071179683webdriver-profile/extensions/fxdriver@googlecode.com/components/command_processor.js:10889)
	at &lt;anonymous class&gt;.DelayedCommand.prototype.execute/&lt;(file:///C:/Users/THOR~1.INS/AppData/Local/Temp/anonymous1572352266071179683webdriver-profile/extensions/fxdriver@googlecode.com/components/command_processor.js:10831)

</div> <!-- stack-trace -->
                </div> <!-- method-content -->
              </div> <!-- method -->
              <div class="method">
                <div class="method-content">
                  <a name="activeTimeTask">
                  </a> <!-- activeTimeTask -->
                  <span class="method-name">activeTimeTask</span>
                  <div class="stack-trace">org.openqa.selenium.ElementNotVisibleException: Element is not currently visible and so may not be interacted with
Command duration or timeout: 11 milliseconds
Build info: version: &apos;2.41.0&apos;, revision: &apos;3192d8a6c4449dc285928ba024779344f5423c58&apos;, time: &apos;2014-03-27 11:29:39&apos;
System info: host: &apos;msp07&apos;, ip: &apos;141.19.145.167&apos;, os.name: &apos;Windows 7&apos;, os.arch: &apos;x86&apos;, os.version: &apos;6.1&apos;, java.version: &apos;1.7.0_51&apos;
Session ID: 5d8f104a-6fa9-44da-94bf-1d320acaf571
Driver info: org.openqa.selenium.firefox.FirefoxDriver
Capabilities [{platform=XP, acceptSslCerts=true, javascriptEnabled=true, cssSelectorsEnabled=true, databaseEnabled=true, browserName=firefox, handlesAlerts=true, browserConnectionEnabled=true, webStorageEnabled=true, nativeEvents=false, rotatable=false, locationContextEnabled=true, applicationCacheEnabled=true, takesScreenshot=true, version=29.0.1}]
	at sun.reflect.NativeConstructorAccessorImpl.newInstance0(Native Method)
	at sun.reflect.NativeConstructorAccessorImpl.newInstance(NativeConstructorAccessorImpl.java:57)
	at sun.reflect.DelegatingConstructorAccessorImpl.newInstance(DelegatingConstructorAccessorImpl.java:45)
	at java.lang.reflect.Constructor.newInstance(Constructor.java:526)
	at org.openqa.selenium.remote.ErrorHandler.createThrowable(ErrorHandler.java:193)
	at org.openqa.selenium.remote.ErrorHandler.throwIfResponseFailed(ErrorHandler.java:145)
	at org.openqa.selenium.remote.RemoteWebDriver.execute(RemoteWebDriver.java:595)
	at org.openqa.selenium.remote.RemoteWebElement.execute(RemoteWebElement.java:268)
	at org.openqa.selenium.remote.RemoteWebElement.click(RemoteWebElement.java:79)
	at de.sep.innovativeoperation.taskscheduler.test.selenium.webDriver.WebDriver_editTaskIT.activeTimeTask(WebDriver_editTaskIT.java:21)
	at sun.reflect.NativeMethodAccessorImpl.invoke0(Native Method)
	at sun.reflect.NativeMethodAccessorImpl.invoke(NativeMethodAccessorImpl.java:57)
	at sun.reflect.DelegatingMethodAccessorImpl.invoke(DelegatingMethodAccessorImpl.java:43)
	at java.lang.reflect.Method.invoke(Method.java:606)
	at org.testng.internal.MethodInvocationHelper.invokeMethod(MethodInvocationHelper.java:84)
	at org.testng.internal.Invoker.invokeMethod(Invoker.java:714)
	at org.testng.internal.Invoker.invokeTestMethod(Invoker.java:901)
	at org.testng.internal.Invoker.invokeTestMethods(Invoker.java:1231)
	at org.testng.internal.TestMethodWorker.invokeTestMethods(TestMethodWorker.java:127)
	at org.testng.internal.TestMethodWorker.run(TestMethodWorker.java:111)
	at org.testng.TestRunner.privateRun(TestRunner.java:767)
	at org.testng.TestRunner.run(TestRunner.java:617)
	at org.testng.SuiteRunner.runTest(SuiteRunner.java:334)
	at org.testng.SuiteRunner.runSequentially(SuiteRunner.java:329)
	at org.testng.SuiteRunner.privateRun(SuiteRunner.java:291)
	at org.testng.SuiteRunner.run(SuiteRunner.java:240)
	at org.testng.SuiteRunnerWorker.runSuite(SuiteRunnerWorker.java:52)
	at org.testng.SuiteRunnerWorker.run(SuiteRunnerWorker.java:86)
	at org.testng.TestNG.runSuitesSequentially(TestNG.java:1224)
	at org.testng.TestNG.runSuitesLocally(TestNG.java:1149)
	at org.testng.TestNG.run(TestNG.java:1057)
	at org.testng.remote.RemoteTestNG.run(RemoteTestNG.java:111)
	at org.testng.remote.RemoteTestNG.initAndRun(RemoteTestNG.java:204)
	at org.testng.remote.RemoteTestNG.main(RemoteTestNG.java:175)
Caused by: org.openqa.selenium.remote.ErrorHandler$UnknownServerException: Element is not currently visible and so may not be interacted with
Build info: version: &apos;2.41.0&apos;, revision: &apos;3192d8a6c4449dc285928ba024779344f5423c58&apos;, time: &apos;2014-03-27 11:29:39&apos;
System info: host: &apos;msp07&apos;, ip: &apos;141.19.145.167&apos;, os.name: &apos;Windows 7&apos;, os.arch: &apos;x86&apos;, os.version: &apos;6.1&apos;, java.version: &apos;1.7.0_51&apos;
Driver info: driver.version: unknown
	at &lt;anonymous class&gt;.fxdriver.preconditions.visible(file:///C:/Users/THOR~1.INS/AppData/Local/Temp/anonymous3986334882254103071webdriver-profile/extensions/fxdriver@googlecode.com/components/command_processor.js:8225)
	at &lt;anonymous class&gt;.DelayedCommand.prototype.checkPreconditions_(file:///C:/Users/THOR~1.INS/AppData/Local/Temp/anonymous3986334882254103071webdriver-profile/extensions/fxdriver@googlecode.com/components/command_processor.js:10867)
	at &lt;anonymous class&gt;.DelayedCommand.prototype.executeInternal_/h(file:///C:/Users/THOR~1.INS/AppData/Local/Temp/anonymous3986334882254103071webdriver-profile/extensions/fxdriver@googlecode.com/components/command_processor.js:10884)
	at &lt;anonymous class&gt;.DelayedCommand.prototype.executeInternal_(file:///C:/Users/THOR~1.INS/AppData/Local/Temp/anonymous3986334882254103071webdriver-profile/extensions/fxdriver@googlecode.com/components/command_processor.js:10889)
	at &lt;anonymous class&gt;.DelayedCommand.prototype.execute/&lt;(file:///C:/Users/THOR~1.INS/AppData/Local/Temp/anonymous3986334882254103071webdriver-profile/extensions/fxdriver@googlecode.com/components/command_processor.js:10831)

</div> <!-- stack-trace -->
                </div> <!-- method-content -->
              </div> <!-- method -->
              <div class="method">
                <div class="method-content">
                  <a name="deactiveEventTask">
                  </a> <!-- deactiveEventTask -->
                  <span class="method-name">deactiveEventTask</span>
                  <div class="stack-trace">org.openqa.selenium.ElementNotVisibleException: Element is not currently visible and so may not be interacted with
Command duration or timeout: 15 milliseconds
Build info: version: &apos;2.41.0&apos;, revision: &apos;3192d8a6c4449dc285928ba024779344f5423c58&apos;, time: &apos;2014-03-27 11:29:39&apos;
System info: host: &apos;msp07&apos;, ip: &apos;141.19.145.167&apos;, os.name: &apos;Windows 7&apos;, os.arch: &apos;x86&apos;, os.version: &apos;6.1&apos;, java.version: &apos;1.7.0_51&apos;
Session ID: df20f8d5-fef0-406c-b7cf-08e23c1f3e98
Driver info: org.openqa.selenium.firefox.FirefoxDriver
Capabilities [{platform=XP, acceptSslCerts=true, javascriptEnabled=true, cssSelectorsEnabled=true, databaseEnabled=true, browserName=firefox, handlesAlerts=true, browserConnectionEnabled=true, webStorageEnabled=true, nativeEvents=false, rotatable=false, locationContextEnabled=true, applicationCacheEnabled=true, takesScreenshot=true, version=29.0.1}]
	at sun.reflect.NativeConstructorAccessorImpl.newInstance0(Native Method)
	at sun.reflect.NativeConstructorAccessorImpl.newInstance(NativeConstructorAccessorImpl.java:57)
	at sun.reflect.DelegatingConstructorAccessorImpl.newInstance(DelegatingConstructorAccessorImpl.java:45)
	at java.lang.reflect.Constructor.newInstance(Constructor.java:526)
	at org.openqa.selenium.remote.ErrorHandler.createThrowable(ErrorHandler.java:193)
	at org.openqa.selenium.remote.ErrorHandler.throwIfResponseFailed(ErrorHandler.java:145)
	at org.openqa.selenium.remote.RemoteWebDriver.execute(RemoteWebDriver.java:595)
	at org.openqa.selenium.remote.RemoteWebElement.execute(RemoteWebElement.java:268)
	at org.openqa.selenium.remote.RemoteWebElement.click(RemoteWebElement.java:79)
	at de.sep.innovativeoperation.taskscheduler.test.selenium.webDriver.WebDriver_editTaskIT.deactiveEventTask(WebDriver_editTaskIT.java:66)
	at sun.reflect.NativeMethodAccessorImpl.invoke0(Native Method)
	at sun.reflect.NativeMethodAccessorImpl.invoke(NativeMethodAccessorImpl.java:57)
	at sun.reflect.DelegatingMethodAccessorImpl.invoke(DelegatingMethodAccessorImpl.java:43)
	at java.lang.reflect.Method.invoke(Method.java:606)
	at org.testng.internal.MethodInvocationHelper.invokeMethod(MethodInvocationHelper.java:84)
	at org.testng.internal.Invoker.invokeMethod(Invoker.java:714)
	at org.testng.internal.Invoker.invokeTestMethod(Invoker.java:901)
	at org.testng.internal.Invoker.invokeTestMethods(Invoker.java:1231)
	at org.testng.internal.TestMethodWorker.invokeTestMethods(TestMethodWorker.java:127)
	at org.testng.internal.TestMethodWorker.run(TestMethodWorker.java:111)
	at org.testng.TestRunner.privateRun(TestRunner.java:767)
	at org.testng.TestRunner.run(TestRunner.java:617)
	at org.testng.SuiteRunner.runTest(SuiteRunner.java:334)
	at org.testng.SuiteRunner.runSequentially(SuiteRunner.java:329)
	at org.testng.SuiteRunner.privateRun(SuiteRunner.java:291)
	at org.testng.SuiteRunner.run(SuiteRunner.java:240)
	at org.testng.SuiteRunnerWorker.runSuite(SuiteRunnerWorker.java:52)
	at org.testng.SuiteRunnerWorker.run(SuiteRunnerWorker.java:86)
	at org.testng.TestNG.runSuitesSequentially(TestNG.java:1224)
	at org.testng.TestNG.runSuitesLocally(TestNG.java:1149)
	at org.testng.TestNG.run(TestNG.java:1057)
	at org.testng.remote.RemoteTestNG.run(RemoteTestNG.java:111)
	at org.testng.remote.RemoteTestNG.initAndRun(RemoteTestNG.java:204)
	at org.testng.remote.RemoteTestNG.main(RemoteTestNG.java:175)
Caused by: org.openqa.selenium.remote.ErrorHandler$UnknownServerException: Element is not currently visible and so may not be interacted with
Build info: version: &apos;2.41.0&apos;, revision: &apos;3192d8a6c4449dc285928ba024779344f5423c58&apos;, time: &apos;2014-03-27 11:29:39&apos;
System info: host: &apos;msp07&apos;, ip: &apos;141.19.145.167&apos;, os.name: &apos;Windows 7&apos;, os.arch: &apos;x86&apos;, os.version: &apos;6.1&apos;, java.version: &apos;1.7.0_51&apos;
Driver info: driver.version: unknown
	at &lt;anonymous class&gt;.fxdriver.preconditions.visible(file:///C:/Users/THOR~1.INS/AppData/Local/Temp/anonymous2672444673654697442webdriver-profile/extensions/fxdriver@googlecode.com/components/command_processor.js:8225)
	at &lt;anonymous class&gt;.DelayedCommand.prototype.checkPreconditions_(file:///C:/Users/THOR~1.INS/AppData/Local/Temp/anonymous2672444673654697442webdriver-profile/extensions/fxdriver@googlecode.com/components/command_processor.js:10867)
	at &lt;anonymous class&gt;.DelayedCommand.prototype.executeInternal_/h(file:///C:/Users/THOR~1.INS/AppData/Local/Temp/anonymous2672444673654697442webdriver-profile/extensions/fxdriver@googlecode.com/components/command_processor.js:10884)
	at &lt;anonymous class&gt;.DelayedCommand.prototype.executeInternal_(file:///C:/Users/THOR~1.INS/AppData/Local/Temp/anonymous2672444673654697442webdriver-profile/extensions/fxdriver@googlecode.com/components/command_processor.js:10889)
	at &lt;anonymous class&gt;.DelayedCommand.prototype.execute/&lt;(file:///C:/Users/THOR~1.INS/AppData/Local/Temp/anonymous2672444673654697442webdriver-profile/extensions/fxdriver@googlecode.com/components/command_processor.js:10831)

</div> <!-- stack-trace -->
                </div> <!-- method-content -->
              </div> <!-- method -->
              <div class="method">
                <div class="method-content">
                  <a name="deactiveTimeTask">
                  </a> <!-- deactiveTimeTask -->
                  <span class="method-name">deactiveTimeTask</span>
                  <div class="stack-trace">org.openqa.selenium.ElementNotVisibleException: Element is not currently visible and so may not be interacted with
Command duration or timeout: 9 milliseconds
Build info: version: &apos;2.41.0&apos;, revision: &apos;3192d8a6c4449dc285928ba024779344f5423c58&apos;, time: &apos;2014-03-27 11:29:39&apos;
System info: host: &apos;msp07&apos;, ip: &apos;141.19.145.167&apos;, os.name: &apos;Windows 7&apos;, os.arch: &apos;x86&apos;, os.version: &apos;6.1&apos;, java.version: &apos;1.7.0_51&apos;
Session ID: d137dc8b-4cc6-4463-a4b8-84dd00aa35e1
Driver info: org.openqa.selenium.firefox.FirefoxDriver
Capabilities [{platform=XP, acceptSslCerts=true, javascriptEnabled=true, cssSelectorsEnabled=true, databaseEnabled=true, browserName=firefox, handlesAlerts=true, browserConnectionEnabled=true, webStorageEnabled=true, nativeEvents=false, rotatable=false, locationContextEnabled=true, applicationCacheEnabled=true, takesScreenshot=true, version=29.0.1}]
	at sun.reflect.NativeConstructorAccessorImpl.newInstance0(Native Method)
	at sun.reflect.NativeConstructorAccessorImpl.newInstance(NativeConstructorAccessorImpl.java:57)
	at sun.reflect.DelegatingConstructorAccessorImpl.newInstance(DelegatingConstructorAccessorImpl.java:45)
	at java.lang.reflect.Constructor.newInstance(Constructor.java:526)
	at org.openqa.selenium.remote.ErrorHandler.createThrowable(ErrorHandler.java:193)
	at org.openqa.selenium.remote.ErrorHandler.throwIfResponseFailed(ErrorHandler.java:145)
	at org.openqa.selenium.remote.RemoteWebDriver.execute(RemoteWebDriver.java:595)
	at org.openqa.selenium.remote.RemoteWebElement.execute(RemoteWebElement.java:268)
	at org.openqa.selenium.remote.RemoteWebElement.click(RemoteWebElement.java:79)
	at de.sep.innovativeoperation.taskscheduler.test.selenium.webDriver.WebDriver_editTaskIT.deactiveTimeTask(WebDriver_editTaskIT.java:51)
	at sun.reflect.NativeMethodAccessorImpl.invoke0(Native Method)
	at sun.reflect.NativeMethodAccessorImpl.invoke(NativeMethodAccessorImpl.java:57)
	at sun.reflect.DelegatingMethodAccessorImpl.invoke(DelegatingMethodAccessorImpl.java:43)
	at java.lang.reflect.Method.invoke(Method.java:606)
	at org.testng.internal.MethodInvocationHelper.invokeMethod(MethodInvocationHelper.java:84)
	at org.testng.internal.Invoker.invokeMethod(Invoker.java:714)
	at org.testng.internal.Invoker.invokeTestMethod(Invoker.java:901)
	at org.testng.internal.Invoker.invokeTestMethods(Invoker.java:1231)
	at org.testng.internal.TestMethodWorker.invokeTestMethods(TestMethodWorker.java:127)
	at org.testng.internal.TestMethodWorker.run(TestMethodWorker.java:111)
	at org.testng.TestRunner.privateRun(TestRunner.java:767)
	at org.testng.TestRunner.run(TestRunner.java:617)
	at org.testng.SuiteRunner.runTest(SuiteRunner.java:334)
	at org.testng.SuiteRunner.runSequentially(SuiteRunner.java:329)
	at org.testng.SuiteRunner.privateRun(SuiteRunner.java:291)
	at org.testng.SuiteRunner.run(SuiteRunner.java:240)
	at org.testng.SuiteRunnerWorker.runSuite(SuiteRunnerWorker.java:52)
	at org.testng.SuiteRunnerWorker.run(SuiteRunnerWorker.java:86)
	at org.testng.TestNG.runSuitesSequentially(TestNG.java:1224)
	at org.testng.TestNG.runSuitesLocally(TestNG.java:1149)
	at org.testng.TestNG.run(TestNG.java:1057)
	at org.testng.remote.RemoteTestNG.run(RemoteTestNG.java:111)
	at org.testng.remote.RemoteTestNG.initAndRun(RemoteTestNG.java:204)
	at org.testng.remote.RemoteTestNG.main(RemoteTestNG.java:175)
Caused by: org.openqa.selenium.remote.ErrorHandler$UnknownServerException: Element is not currently visible and so may not be interacted with
Build info: version: &apos;2.41.0&apos;, revision: &apos;3192d8a6c4449dc285928ba024779344f5423c58&apos;, time: &apos;2014-03-27 11:29:39&apos;
System info: host: &apos;msp07&apos;, ip: &apos;141.19.145.167&apos;, os.name: &apos;Windows 7&apos;, os.arch: &apos;x86&apos;, os.version: &apos;6.1&apos;, java.version: &apos;1.7.0_51&apos;
Driver info: driver.version: unknown
	at &lt;anonymous class&gt;.fxdriver.preconditions.visible(file:///C:/Users/THOR~1.INS/AppData/Local/Temp/anonymous4746492647614324212webdriver-profile/extensions/fxdriver@googlecode.com/components/command_processor.js:8225)
	at &lt;anonymous class&gt;.DelayedCommand.prototype.checkPreconditions_(file:///C:/Users/THOR~1.INS/AppData/Local/Temp/anonymous4746492647614324212webdriver-profile/extensions/fxdriver@googlecode.com/components/command_processor.js:10867)
	at &lt;anonymous class&gt;.DelayedCommand.prototype.executeInternal_/h(file:///C:/Users/THOR~1.INS/AppData/Local/Temp/anonymous4746492647614324212webdriver-profile/extensions/fxdriver@googlecode.com/components/command_processor.js:10884)
	at &lt;anonymous class&gt;.DelayedCommand.prototype.executeInternal_(file:///C:/Users/THOR~1.INS/AppData/Local/Temp/anonymous4746492647614324212webdriver-profile/extensions/fxdriver@googlecode.com/components/command_processor.js:10889)
	at &lt;anonymous class&gt;.DelayedCommand.prototype.execute/&lt;(file:///C:/Users/THOR~1.INS/AppData/Local/Temp/anonymous4746492647614324212webdriver-profile/extensions/fxdriver@googlecode.com/components/command_processor.js:10831)

</div> <!-- stack-trace -->
                </div> <!-- method-content -->
              </div> <!-- method -->
              <div class="method">
                <div class="method-content">
                  <a name="showFireTime">
                  </a> <!-- showFireTime -->
                  <span class="method-name">showFireTime</span>
                  <div class="stack-trace">org.openqa.selenium.ElementNotVisibleException: Element is not currently visible and so may not be interacted with
Command duration or timeout: 13 milliseconds
Build info: version: &apos;2.41.0&apos;, revision: &apos;3192d8a6c4449dc285928ba024779344f5423c58&apos;, time: &apos;2014-03-27 11:29:39&apos;
System info: host: &apos;msp07&apos;, ip: &apos;141.19.145.167&apos;, os.name: &apos;Windows 7&apos;, os.arch: &apos;x86&apos;, os.version: &apos;6.1&apos;, java.version: &apos;1.7.0_51&apos;
Session ID: a23604bd-40fa-469b-8eac-54d97ce894ae
Driver info: org.openqa.selenium.firefox.FirefoxDriver
Capabilities [{platform=XP, acceptSslCerts=true, javascriptEnabled=true, cssSelectorsEnabled=true, databaseEnabled=true, browserName=firefox, handlesAlerts=true, browserConnectionEnabled=true, webStorageEnabled=true, nativeEvents=false, rotatable=false, locationContextEnabled=true, applicationCacheEnabled=true, takesScreenshot=true, version=29.0.1}]
	at sun.reflect.NativeConstructorAccessorImpl.newInstance0(Native Method)
	at sun.reflect.NativeConstructorAccessorImpl.newInstance(NativeConstructorAccessorImpl.java:57)
	at sun.reflect.DelegatingConstructorAccessorImpl.newInstance(DelegatingConstructorAccessorImpl.java:45)
	at java.lang.reflect.Constructor.newInstance(Constructor.java:526)
	at org.openqa.selenium.remote.ErrorHandler.createThrowable(ErrorHandler.java:193)
	at org.openqa.selenium.remote.ErrorHandler.throwIfResponseFailed(ErrorHandler.java:145)
	at org.openqa.selenium.remote.RemoteWebDriver.execute(RemoteWebDriver.java:595)
	at org.openqa.selenium.remote.RemoteWebElement.execute(RemoteWebElement.java:268)
	at org.openqa.selenium.remote.RemoteWebElement.click(RemoteWebElement.java:79)
	at de.sep.innovativeoperation.taskscheduler.test.selenium.webDriver.WebDriver_editTaskIT.showFireTime(WebDriver_editTaskIT.java:81)
	at sun.reflect.NativeMethodAccessorImpl.invoke0(Native Method)
	at sun.reflect.NativeMethodAccessorImpl.invoke(NativeMethodAccessorImpl.java:57)
	at sun.reflect.DelegatingMethodAccessorImpl.invoke(DelegatingMethodAccessorImpl.java:43)
	at java.lang.reflect.Method.invoke(Method.java:606)
	at org.testng.internal.MethodInvocationHelper.invokeMethod(MethodInvocationHelper.java:84)
	at org.testng.internal.Invoker.invokeMethod(Invoker.java:714)
	at org.testng.internal.Invoker.invokeTestMethod(Invoker.java:901)
	at org.testng.internal.Invoker.invokeTestMethods(Invoker.java:1231)
	at org.testng.internal.TestMethodWorker.invokeTestMethods(TestMethodWorker.java:127)
	at org.testng.internal.TestMethodWorker.run(TestMethodWorker.java:111)
	at org.testng.TestRunner.privateRun(TestRunner.java:767)
	at org.testng.TestRunner.run(TestRunner.java:617)
	at org.testng.SuiteRunner.runTest(SuiteRunner.java:334)
	at org.testng.SuiteRunner.runSequentially(SuiteRunner.java:329)
	at org.testng.SuiteRunner.privateRun(SuiteRunner.java:291)
	at org.testng.SuiteRunner.run(SuiteRunner.java:240)
	at org.testng.SuiteRunnerWorker.runSuite(SuiteRunnerWorker.java:52)
	at org.testng.SuiteRunnerWorker.run(SuiteRunnerWorker.java:86)
	at org.testng.TestNG.runSuitesSequentially(TestNG.java:1224)
	at org.testng.TestNG.runSuitesLocally(TestNG.java:1149)
	at org.testng.TestNG.run(TestNG.java:1057)
	at org.testng.remote.RemoteTestNG.run(RemoteTestNG.java:111)
	at org.testng.remote.RemoteTestNG.initAndRun(RemoteTestNG.java:204)
	at org.testng.remote.RemoteTestNG.main(RemoteTestNG.java:175)
Caused by: org.openqa.selenium.remote.ErrorHandler$UnknownServerException: Element is not currently visible and so may not be interacted with
Build info: version: &apos;2.41.0&apos;, revision: &apos;3192d8a6c4449dc285928ba024779344f5423c58&apos;, time: &apos;2014-03-27 11:29:39&apos;
System info: host: &apos;msp07&apos;, ip: &apos;141.19.145.167&apos;, os.name: &apos;Windows 7&apos;, os.arch: &apos;x86&apos;, os.version: &apos;6.1&apos;, java.version: &apos;1.7.0_51&apos;
Driver info: driver.version: unknown
	at &lt;anonymous class&gt;.fxdriver.preconditions.visible(file:///C:/Users/THOR~1.INS/AppData/Local/Temp/anonymous3409365465897687302webdriver-profile/extensions/fxdriver@googlecode.com/components/command_processor.js:8225)
	at &lt;anonymous class&gt;.DelayedCommand.prototype.checkPreconditions_(file:///C:/Users/THOR~1.INS/AppData/Local/Temp/anonymous3409365465897687302webdriver-profile/extensions/fxdriver@googlecode.com/components/command_processor.js:10867)
	at &lt;anonymous class&gt;.DelayedCommand.prototype.executeInternal_/h(file:///C:/Users/THOR~1.INS/AppData/Local/Temp/anonymous3409365465897687302webdriver-profile/extensions/fxdriver@googlecode.com/components/command_processor.js:10884)
	at &lt;anonymous class&gt;.DelayedCommand.prototype.executeInternal_(file:///C:/Users/THOR~1.INS/AppData/Local/Temp/anonymous3409365465897687302webdriver-profile/extensions/fxdriver@googlecode.com/components/command_processor.js:10889)
	at &lt;anonymous class&gt;.DelayedCommand.prototype.execute/&lt;(file:///C:/Users/THOR~1.INS/AppData/Local/Temp/anonymous3409365465897687302webdriver-profile/extensions/fxdriver@googlecode.com/components/command_processor.js:10831)

</div> <!-- stack-trace -->
                </div> <!-- method-content -->
              </div> <!-- method -->
            </div> <!-- main-panel-content rounded-window-bottom -->
          </div> <!-- suite-Default_suite-class-failed -->
          <div class="suite-Default_suite-class-skipped">
            <div class="main-panel-header rounded-window-top">
              <img src="skipped.png"/>
              <span class="class-name">de.sep.innovativeoperation.taskscheduler.test.selenium.firefoxTest.Firefox_editIssueIT</span>
            </div> <!-- main-panel-header rounded-window-top -->
            <div class="main-panel-content rounded-window-bottom">
              <div class="method">
                <div class="method-content">
                  <a name="editIssue">
                  </a> <!-- editIssue -->
                  <span class="method-name">editIssue</span>
                </div> <!-- method-content -->
              </div> <!-- method -->
              <div class="method">
                <div class="method-content">
                  <a name="editIssueStatus">
                  </a> <!-- editIssueStatus -->
                  <span class="method-name">editIssueStatus</span>
                </div> <!-- method-content -->
              </div> <!-- method -->
              <div class="method">
                <div class="method-content">
                  <a name="editResolutionOfClosedIssue">
                  </a> <!-- editResolutionOfClosedIssue -->
                  <span class="method-name">editResolutionOfClosedIssue</span>
                </div> <!-- method-content -->
              </div> <!-- method -->
              <div class="method">
                <div class="method-content">
                  <a name="editResolutionOfNoClosedIssue">
                  </a> <!-- editResolutionOfNoClosedIssue -->
                  <span class="method-name">editResolutionOfNoClosedIssue</span>
                </div> <!-- method-content -->
              </div> <!-- method -->
            </div> <!-- main-panel-content rounded-window-bottom -->
          </div> <!-- suite-Default_suite-class-skipped -->
          <div class="suite-Default_suite-class-passed">
            <div class="main-panel-header rounded-window-top">
              <img src="passed.png"/>
              <span class="class-name">de.sep.innovativeoperation.taskscheduler.test.selenium.firefoxTest.Firefox_overviewIT</span>
            </div> <!-- main-panel-header rounded-window-top -->
            <div class="main-panel-content rounded-window-bottom">
              <div class="method">
                <div class="method-content">
                  <a name="filter">
                  </a> <!-- filter -->
                  <span class="method-name">filter</span>
                </div> <!-- method-content -->
              </div> <!-- method -->
              <div class="method">
                <div class="method-content">
                  <a name="openTaskUebersicht">
                  </a> <!-- openTaskUebersicht -->
                  <span class="method-name">openTaskUebersicht</span>
                </div> <!-- method-content -->
              </div> <!-- method -->
            </div> <!-- main-panel-content rounded-window-bottom -->
          </div> <!-- suite-Default_suite-class-passed -->
        </div> <!-- panel Default_suite -->
        <div panel-name="test-xml-Default_suite" class="panel">
          <div class="main-panel-header rounded-window-top">
            <span class="header-content">C:\Users\thor.Installer\AppData\Local\Temp\testng-eclipse--1547461894\testng-customsuite.xml</span>
          </div> <!-- main-panel-header rounded-window-top -->
          <div class="main-panel-content rounded-window-bottom">
            <pre>
&lt;?xml version=&quot;1.0&quot; encoding=&quot;UTF-8&quot;?&gt;
&lt;!DOCTYPE suite SYSTEM &quot;http://testng.org/testng-1.0.dtd&quot;&gt;
&lt;suite name=&quot;Default suite&quot;&gt;
  &lt;test verbose=&quot;2&quot; name=&quot;Default test&quot;&gt;
    &lt;classes&gt;
      &lt;class name=&quot;de.sep.innovativeoperation.taskscheduler.test.selenium.firefoxTest.Firefox_editTaskIT&quot;/&gt;
      &lt;class name=&quot;de.sep.innovativeoperation.taskscheduler.test.selenium.firefoxTest.Firefox_editIssueIT&quot;/&gt;
      &lt;class name=&quot;de.sep.innovativeoperation.taskscheduler.test.selenium.firefoxTest.Firefox_createTaskIT&quot;/&gt;
      &lt;class name=&quot;de.sep.innovativeoperation.taskscheduler.test.selenium.firefoxTest.Firefox_overviewIT&quot;/&gt;
    &lt;/classes&gt;
  &lt;/test&gt; &lt;!-- Default test --&gt;
&lt;/suite&gt; &lt;!-- Default suite --&gt;
            </pre>
          </div> <!-- main-panel-content rounded-window-bottom -->
        </div> <!-- panel -->
        <div panel-name="testlist-Default_suite" class="panel">
          <div class="main-panel-header rounded-window-top">
            <span class="header-content">Tests for Default suite</span>
          </div> <!-- main-panel-header rounded-window-top -->
          <div class="main-panel-content rounded-window-bottom">
            <ul>
              <li>
                <span class="test-name">Default test (4 classes)</span>
              </li>
            </ul>
          </div> <!-- main-panel-content rounded-window-bottom -->
        </div> <!-- panel -->
        <div panel-name="group-Default_suite" class="panel">
          <div class="main-panel-header rounded-window-top">
            <span class="header-content">Groups for Default suite</span>
          </div> <!-- main-panel-header rounded-window-top -->
          <div class="main-panel-content rounded-window-bottom">
          </div> <!-- main-panel-content rounded-window-bottom -->
        </div> <!-- panel -->
        <div panel-name="times-Default_suite" class="panel">
          <div class="main-panel-header rounded-window-top">
            <span class="header-content">Times for Default suite</span>
          </div> <!-- main-panel-header rounded-window-top -->
          <div class="main-panel-content rounded-window-bottom">
            <div class="times-div">
              <script type="text/javascript">
suiteTableInitFunctions.push('tableData_Default_suite');
function tableData_Default_suite() {
var data = new google.visualization.DataTable();
data.addColumn('number', 'Number');
data.addColumn('string', 'Method');
data.addColumn('string', 'Class');
data.addColumn('number', 'Time (ms)');
data.addRows(24);
data.setCell(0, 0, 0)
data.setCell(0, 1, 'saveTimeTaskNothing')
data.setCell(0, 2, 'de.sep.innovativeoperation.taskscheduler.test.selenium.firefoxTest.Firefox_createTaskIT')
data.setCell(0, 3, 185);
data.setCell(1, 0, 1)
data.setCell(1, 1, 'saveTimeTaskValidWithLoop')
data.setCell(1, 2, 'de.sep.innovativeoperation.taskscheduler.test.selenium.firefoxTest.Firefox_createTaskIT')
data.setCell(1, 3, 185);
data.setCell(2, 0, 2)
data.setCell(2, 1, 'createEventTaskBreak')
data.setCell(2, 2, 'de.sep.innovativeoperation.taskscheduler.test.selenium.firefoxTest.Firefox_createTaskIT')
data.setCell(2, 3, 181);
data.setCell(3, 0, 3)
data.setCell(3, 1, 'saveTimeTaskNoTime')
data.setCell(3, 2, 'de.sep.innovativeoperation.taskscheduler.test.selenium.firefoxTest.Firefox_createTaskIT')
data.setCell(3, 3, 177);
data.setCell(4, 0, 4)
data.setCell(4, 1, 'createTimeTaskBreak')
data.setCell(4, 2, 'de.sep.innovativeoperation.taskscheduler.test.selenium.firefoxTest.Firefox_createTaskIT')
data.setCell(4, 3, 174);
data.setCell(5, 0, 5)
data.setCell(5, 1, 'savaTaskNoIssue')
data.setCell(5, 2, 'de.sep.innovativeoperation.taskscheduler.test.selenium.firefoxTest.Firefox_createTaskIT')
data.setCell(5, 3, 172);
data.setCell(6, 0, 6)
data.setCell(6, 1, 'saveTimeTaskNoName')
data.setCell(6, 2, 'de.sep.innovativeoperation.taskscheduler.test.selenium.firefoxTest.Firefox_createTaskIT')
data.setCell(6, 3, 172);
data.setCell(7, 0, 7)
data.setCell(7, 1, 'activeTimeTask')
data.setCell(7, 2, 'de.sep.innovativeoperation.taskscheduler.test.selenium.firefoxTest.Firefox_editTaskIT')
data.setCell(7, 3, 171);
data.setCell(8, 0, 8)
data.setCell(8, 1, 'deactiveTimeTask')
data.setCell(8, 2, 'de.sep.innovativeoperation.taskscheduler.test.selenium.firefoxTest.Firefox_editTaskIT')
data.setCell(8, 3, 167);
data.setCell(9, 0, 9)
data.setCell(9, 1, 'showFireTime')
data.setCell(9, 2, 'de.sep.innovativeoperation.taskscheduler.test.selenium.firefoxTest.Firefox_editTaskIT')
data.setCell(9, 3, 161);
data.setCell(10, 0, 10)
data.setCell(10, 1, 'saveEventTaskValid')
data.setCell(10, 2, 'de.sep.innovativeoperation.taskscheduler.test.selenium.firefoxTest.Firefox_createTaskIT')
data.setCell(10, 3, 159);
data.setCell(11, 0, 11)
data.setCell(11, 1, 'saveEventTaskNoEvent')
data.setCell(11, 2, 'de.sep.innovativeoperation.taskscheduler.test.selenium.firefoxTest.Firefox_createTaskIT')
data.setCell(11, 3, 156);
data.setCell(12, 0, 12)
data.setCell(12, 1, 'deactiveEventTask')
data.setCell(12, 2, 'de.sep.innovativeoperation.taskscheduler.test.selenium.firefoxTest.Firefox_editTaskIT')
data.setCell(12, 3, 155);
data.setCell(13, 0, 13)
data.setCell(13, 1, 'activeEventTask')
data.setCell(13, 2, 'de.sep.innovativeoperation.taskscheduler.test.selenium.firefoxTest.Firefox_editTaskIT')
data.setCell(13, 3, 148);
data.setCell(14, 0, 14)
data.setCell(14, 1, 'saveTaskNoSelect')
data.setCell(14, 2, 'de.sep.innovativeoperation.taskscheduler.test.selenium.firefoxTest.Firefox_createTaskIT')
data.setCell(14, 3, 143);
data.setCell(15, 0, 15)
data.setCell(15, 1, 'saveTimeTaskNoDescription')
data.setCell(15, 2, 'de.sep.innovativeoperation.taskscheduler.test.selenium.firefoxTest.Firefox_createTaskIT')
data.setCell(15, 3, 134);
data.setCell(16, 0, 16)
data.setCell(16, 1, 'openTaskUebersicht')
data.setCell(16, 2, 'de.sep.innovativeoperation.taskscheduler.test.selenium.firefoxTest.Firefox_overviewIT')
data.setCell(16, 3, 127);
data.setCell(17, 0, 17)
data.setCell(17, 1, 'selectIssueBreak')
data.setCell(17, 2, 'de.sep.innovativeoperation.taskscheduler.test.selenium.firefoxTest.Firefox_createTaskIT')
data.setCell(17, 3, 125);
data.setCell(18, 0, 18)
data.setCell(18, 1, 'createTaskBreak')
data.setCell(18, 2, 'de.sep.innovativeoperation.taskscheduler.test.selenium.firefoxTest.Firefox_createTaskIT')
data.setCell(18, 3, 125);
data.setCell(19, 0, 19)
data.setCell(19, 1, 'filter')
data.setCell(19, 2, 'de.sep.innovativeoperation.taskscheduler.test.selenium.firefoxTest.Firefox_overviewIT')
data.setCell(19, 3, 86);
data.setCell(20, 0, 20)
data.setCell(20, 1, 'editIssueStatus')
data.setCell(20, 2, 'de.sep.innovativeoperation.taskscheduler.test.selenium.firefoxTest.Firefox_editIssueIT')
data.setCell(20, 3, 0);
data.setCell(21, 0, 21)
data.setCell(21, 1, 'editIssue')
data.setCell(21, 2, 'de.sep.innovativeoperation.taskscheduler.test.selenium.firefoxTest.Firefox_editIssueIT')
data.setCell(21, 3, 0);
data.setCell(22, 0, 22)
data.setCell(22, 1, 'editResolutionOfClosedIssue')
data.setCell(22, 2, 'de.sep.innovativeoperation.taskscheduler.test.selenium.firefoxTest.Firefox_editIssueIT')
data.setCell(22, 3, 0);
data.setCell(23, 0, 23)
data.setCell(23, 1, 'editResolutionOfNoClosedIssue')
data.setCell(23, 2, 'de.sep.innovativeoperation.taskscheduler.test.selenium.firefoxTest.Firefox_editIssueIT')
data.setCell(23, 3, 0);
window.suiteTableData['Default_suite']= { tableData: data, tableDiv: 'times-div-Default_suite'}
return data;
}
              </script>
              <span class="suite-total-time">Total running time: 3 seconds</span>
              <div id="times-div-Default_suite">
              </div> <!-- times-div-Default_suite -->
            </div> <!-- times-div -->
          </div> <!-- main-panel-content rounded-window-bottom -->
        </div> <!-- panel -->
        <div panel-name="reporter-Default_suite" class="panel">
          <div class="main-panel-header rounded-window-top">
            <span class="header-content">Reporter output for Default suite</span>
          </div> <!-- main-panel-header rounded-window-top -->
          <div class="main-panel-content rounded-window-bottom">
          </div> <!-- main-panel-content rounded-window-bottom -->
        </div> <!-- panel -->
        <div panel-name="ignored-methods-Default_suite" class="panel">
          <div class="main-panel-header rounded-window-top">
            <span class="header-content">0 ignored methods</span>
          </div> <!-- main-panel-header rounded-window-top -->
          <div class="main-panel-content rounded-window-bottom">
          </div> <!-- main-panel-content rounded-window-bottom -->
        </div> <!-- panel -->
        <div panel-name="chronological-Default_suite" class="panel">
          <div class="main-panel-header rounded-window-top">
            <span class="header-content">Methods in chronological order</span>
          </div> <!-- main-panel-header rounded-window-top -->
          <div class="main-panel-content rounded-window-bottom">
            <div class="chronological-class">
              <div class="chronological-class-name">de.sep.innovativeoperation.taskscheduler.test.selenium.firefoxTest.Firefox_editTaskIT</div> <!-- chronological-class-name -->
              <div class="configuration-method before">
                <span class="method-name">beforeMethod</span>
                <span class="method-start">0 ms</span>
              </div> <!-- configuration-method before -->
              <div class="test-method">
                <img src="failed.png">
                </img>
                <span class="method-name">activeEventTask</span>
                <span class="method-start">4542 ms</span>
              </div> <!-- test-method -->
              <div class="configuration-method after">
                <span class="method-name">afterMethod</span>
                <span class="method-start">4693 ms</span>
              </div> <!-- configuration-method after -->
              <div class="configuration-method before">
                <span class="method-name">beforeMethod</span>
                <span class="method-start">4884 ms</span>
              </div> <!-- configuration-method before -->
              <div class="test-method">
                <img src="failed.png">
                </img>
                <span class="method-name">activeTimeTask</span>
                <span class="method-start">8457 ms</span>
              </div> <!-- test-method -->
              <div class="configuration-method after">
                <span class="method-name">afterMethod</span>
                <span class="method-start">8630 ms</span>
              </div> <!-- configuration-method after -->
              <div class="configuration-method before">
                <span class="method-name">beforeMethod</span>
                <span class="method-start">8776 ms</span>
              </div> <!-- configuration-method before -->
              <div class="test-method">
                <img src="failed.png">
                </img>
                <span class="method-name">deactiveEventTask</span>
                <span class="method-start">12135 ms</span>
              </div> <!-- test-method -->
              <div class="configuration-method after">
                <span class="method-name">afterMethod</span>
                <span class="method-start">12291 ms</span>
              </div> <!-- configuration-method after -->
              <div class="configuration-method before">
                <span class="method-name">beforeMethod</span>
                <span class="method-start">12441 ms</span>
              </div> <!-- configuration-method before -->
              <div class="test-method">
                <img src="failed.png">
                </img>
                <span class="method-name">deactiveTimeTask</span>
                <span class="method-start">16026 ms</span>
              </div> <!-- test-method -->
              <div class="configuration-method after">
                <span class="method-name">afterMethod</span>
                <span class="method-start">16194 ms</span>
              </div> <!-- configuration-method after -->
              <div class="configuration-method before">
                <span class="method-name">beforeMethod</span>
                <span class="method-start">16453 ms</span>
              </div> <!-- configuration-method before -->
              <div class="test-method">
                <img src="failed.png">
                </img>
                <span class="method-name">showFireTime</span>
                <span class="method-start">19974 ms</span>
              </div> <!-- test-method -->
              <div class="configuration-method after">
                <span class="method-name">afterMethod</span>
                <span class="method-start">20136 ms</span>
              </div> <!-- configuration-method after -->
            </div> <!-- chronological-class -->
            <div class="chronological-class">
              <div class="chronological-class-name">de.sep.innovativeoperation.taskscheduler.test.selenium.firefoxTest.Firefox_editIssueIT</div> <!-- chronological-class-name -->
              <div class="configuration-class before">
                <img src="failed.png">
                </img>
                <span class="method-name">beforeClass</span>
                <span class="method-start">20282 ms</span>
              </div> <!-- configuration-class before -->
              <div class="test-method">
                <span class="method-name">editIssue</span>
                <span class="method-start">23886 ms</span>
              </div> <!-- test-method -->
              <div class="test-method">
                <span class="method-name">editIssueStatus</span>
                <span class="method-start">23887 ms</span>
              </div> <!-- test-method -->
              <div class="test-method">
                <span class="method-name">editResolutionOfClosedIssue</span>
                <span class="method-start">23888 ms</span>
              </div> <!-- test-method -->
              <div class="test-method">
                <span class="method-name">editResolutionOfNoClosedIssue</span>
                <span class="method-start">23889 ms</span>
              </div> <!-- test-method -->
            </div> <!-- chronological-class -->
            <div class="chronological-class">
              <div class="chronological-class-name">de.sep.innovativeoperation.taskscheduler.test.selenium.firefoxTest.Firefox_createTaskIT</div> <!-- chronological-class-name -->
              <div class="configuration-method before">
                <span class="method-name">beforeMethod</span>
                <span class="method-start">23890 ms</span>
              </div> <!-- configuration-method before -->
              <div class="test-method">
                <img src="failed.png">
                </img>
                <span class="method-name">createEventTaskBreak</span>
                <span class="method-start">27374 ms</span>
              </div> <!-- test-method -->
              <div class="configuration-method after">
                <span class="method-name">afterMethod</span>
                <span class="method-start">27557 ms</span>
              </div> <!-- configuration-method after -->
              <div class="configuration-method before">
                <span class="method-name">beforeMethod</span>
                <span class="method-start">27703 ms</span>
              </div> <!-- configuration-method before -->
              <div class="test-method">
                <img src="failed.png">
                </img>
                <span class="method-name">createTaskBreak</span>
                <span class="method-start">31303 ms</span>
              </div> <!-- test-method -->
              <div class="configuration-method after">
                <span class="method-name">afterMethod</span>
                <span class="method-start">31429 ms</span>
              </div> <!-- configuration-method after -->
              <div class="configuration-method before">
                <span class="method-name">beforeMethod</span>
                <span class="method-start">31716 ms</span>
              </div> <!-- configuration-method before -->
              <div class="test-method">
                <img src="failed.png">
                </img>
                <span class="method-name">createTimeTaskBreak</span>
                <span class="method-start">35223 ms</span>
              </div> <!-- test-method -->
              <div class="configuration-method after">
                <span class="method-name">afterMethod</span>
                <span class="method-start">35398 ms</span>
              </div> <!-- configuration-method after -->
              <div class="configuration-method before">
                <span class="method-name">beforeMethod</span>
                <span class="method-start">35542 ms</span>
              </div> <!-- configuration-method before -->
              <div class="test-method">
                <img src="failed.png">
                </img>
                <span class="method-name">savaTaskNoIssue</span>
                <span class="method-start">39046 ms</span>
              </div> <!-- test-method -->
              <div class="configuration-method after">
                <span class="method-name">afterMethod</span>
                <span class="method-start">39220 ms</span>
              </div> <!-- configuration-method after -->
              <div class="configuration-method before">
                <span class="method-name">beforeMethod</span>
                <span class="method-start">39362 ms</span>
              </div> <!-- configuration-method before -->
              <div class="test-method">
                <img src="failed.png">
                </img>
                <span class="method-name">saveEventTaskNoEvent</span>
                <span class="method-start">42755 ms</span>
              </div> <!-- test-method -->
              <div class="configuration-method after">
                <span class="method-name">afterMethod</span>
                <span class="method-start">42912 ms</span>
              </div> <!-- configuration-method after -->
              <div class="configuration-method before">
                <span class="method-name">beforeMethod</span>
                <span class="method-start">43060 ms</span>
              </div> <!-- configuration-method before -->
              <div class="test-method">
                <img src="failed.png">
                </img>
                <span class="method-name">saveEventTaskValid</span>
                <span class="method-start">46545 ms</span>
              </div> <!-- test-method -->
              <div class="configuration-method after">
                <span class="method-name">afterMethod</span>
                <span class="method-start">46706 ms</span>
              </div> <!-- configuration-method after -->
              <div class="configuration-method before">
                <span class="method-name">beforeMethod</span>
                <span class="method-start">47013 ms</span>
              </div> <!-- configuration-method before -->
              <div class="test-method">
                <img src="failed.png">
                </img>
                <span class="method-name">saveTaskNoSelect</span>
                <span class="method-start">50441 ms</span>
              </div> <!-- test-method -->
              <div class="configuration-method after">
                <span class="method-name">afterMethod</span>
                <span class="method-start">50585 ms</span>
              </div> <!-- configuration-method after -->
              <div class="configuration-method before">
                <span class="method-name">beforeMethod</span>
                <span class="method-start">50750 ms</span>
              </div> <!-- configuration-method before -->
              <div class="test-method">
                <img src="failed.png">
                </img>
                <span class="method-name">saveTimeTaskNoDescription</span>
                <span class="method-start">54183 ms</span>
              </div> <!-- test-method -->
              <div class="configuration-method after">
                <span class="method-name">afterMethod</span>
                <span class="method-start">54319 ms</span>
              </div> <!-- configuration-method after -->
              <div class="configuration-method before">
                <span class="method-name">beforeMethod</span>
                <span class="method-start">54511 ms</span>
              </div> <!-- configuration-method before -->
              <div class="test-method">
                <img src="failed.png">
                </img>
                <span class="method-name">saveTimeTaskNoName</span>
                <span class="method-start">58019 ms</span>
              </div> <!-- test-method -->
              <div class="configuration-method after">
                <span class="method-name">afterMethod</span>
                <span class="method-start">58192 ms</span>
              </div> <!-- configuration-method after -->
              <div class="configuration-method before">
                <span class="method-name">beforeMethod</span>
                <span class="method-start">58370 ms</span>
              </div> <!-- configuration-method before -->
              <div class="test-method">
                <img src="failed.png">
                </img>
                <span class="method-name">saveTimeTaskNoTime</span>
                <span class="method-start">61986 ms</span>
              </div> <!-- test-method -->
              <div class="configuration-method after">
                <span class="method-name">afterMethod</span>
                <span class="method-start">62165 ms</span>
              </div> <!-- configuration-method after -->
              <div class="configuration-method before">
                <span class="method-name">beforeMethod</span>
                <span class="method-start">62350 ms</span>
              </div> <!-- configuration-method before -->
              <div class="test-method">
                <img src="failed.png">
                </img>
                <span class="method-name">saveTimeTaskNothing</span>
                <span class="method-start">65854 ms</span>
              </div> <!-- test-method -->
              <div class="configuration-method after">
                <span class="method-name">afterMethod</span>
                <span class="method-start">66040 ms</span>
              </div> <!-- configuration-method after -->
              <div class="configuration-method before">
                <span class="method-name">beforeMethod</span>
                <span class="method-start">66183 ms</span>
              </div> <!-- configuration-method before -->
              <div class="test-method">
                <img src="failed.png">
                </img>
                <span class="method-name">saveTimeTaskValidWithLoop</span>
                <span class="method-start">69732 ms</span>
              </div> <!-- test-method -->
              <div class="configuration-method after">
                <span class="method-name">afterMethod</span>
                <span class="method-start">69919 ms</span>
              </div> <!-- configuration-method after -->
              <div class="configuration-method before">
                <span class="method-name">beforeMethod</span>
                <span class="method-start">70073 ms</span>
              </div> <!-- configuration-method before -->
              <div class="test-method">
                <img src="failed.png">
                </img>
                <span class="method-name">selectIssueBreak</span>
                <span class="method-start">73499 ms</span>
              </div> <!-- test-method -->
              <div class="configuration-method after">
                <span class="method-name">afterMethod</span>
                <span class="method-start">73625 ms</span>
              </div> <!-- configuration-method after -->
            </div> <!-- chronological-class -->
            <div class="chronological-class">
              <div class="chronological-class-name">de.sep.innovativeoperation.taskscheduler.test.selenium.firefoxTest.Firefox_overviewIT</div> <!-- chronological-class-name -->
              <div class="configuration-method before">
                <span class="method-name">beforeMethod</span>
                <span class="method-start">73794 ms</span>
              </div> <!-- configuration-method before -->
              <div class="test-method">
                <span class="method-name">filter</span>
                <span class="method-start">77401 ms</span>
              </div> <!-- test-method -->
              <div class="configuration-method after">
                <span class="method-name">afterMethod</span>
                <span class="method-start">77487 ms</span>
              </div> <!-- configuration-method after -->
              <div class="configuration-method before">
                <span class="method-name">beforeMethod</span>
                <span class="method-start">77674 ms</span>
              </div> <!-- configuration-method before -->
              <div class="test-method">
                <span class="method-name">openTaskUebersicht</span>
                <span class="method-start">81103 ms</span>
              </div> <!-- test-method -->
              <div class="configuration-method after">
                <span class="method-name">afterMethod</span>
                <span class="method-start">81230 ms</span>
              </div> <!-- configuration-method after -->
          </div> <!-- main-panel-content rounded-window-bottom -->
        </div> <!-- panel -->
      </div> <!-- main-panel-root -->
    </div> <!-- wrapper -->
  </body>
</html>
